{"/Users/konstantinospapadogiannes/Desktop/FreelanceV2.00/Freelance/frontend/src/App.jsx": {"path":"/Users/konstantinospapadogiannes/Desktop/FreelanceV2.00/Freelance/frontend/src/App.jsx","statementMap":{"0":{"start":{"line":14,"column":4},"end":{"line":54,"column":6}}},"fnMap":{"0":{"name":"App","decl":{"start":{"line":13,"column":9},"end":{"line":13,"column":12}},"loc":{"start":{"line":13,"column":15},"end":{"line":55,"column":1}},"line":13}},"branchMap":{},"s":{"0":1},"f":{"0":1},"b":{},"_coverageSchema":"1a1c01bbd47fc00a2c39e90264f33305004495a9","hash":"21381b17dd60fec291768c3cb75ec10681554c76"}
,"/Users/konstantinospapadogiannes/Desktop/FreelanceV2.00/Freelance/frontend/src/carco.config.js": {"path":"/Users/konstantinospapadogiannes/Desktop/FreelanceV2.00/Freelance/frontend/src/carco.config.js","statementMap":{"0":{"start":{"line":1,"column":0},"end":{"line":10,"column":2}}},"fnMap":{},"branchMap":{},"s":{"0":0},"f":{},"b":{}}
,"/Users/konstantinospapadogiannes/Desktop/FreelanceV2.00/Freelance/frontend/src/postcss.config.js": {"path":"/Users/konstantinospapadogiannes/Desktop/FreelanceV2.00/Freelance/frontend/src/postcss.config.js","statementMap":{"0":{"start":{"line":1,"column":0},"end":{"line":9,"column":1}}},"fnMap":{},"branchMap":{},"s":{"0":0},"f":{},"b":{}}
,"/Users/konstantinospapadogiannes/Desktop/FreelanceV2.00/Freelance/frontend/src/tailwind.config.js": {"path":"/Users/konstantinospapadogiannes/Desktop/FreelanceV2.00/Freelance/frontend/src/tailwind.config.js","statementMap":{"0":{"start":{"line":1,"column":0},"end":{"line":9,"column":1}}},"fnMap":{},"branchMap":{},"s":{"0":0},"f":{},"b":{}}
,"/Users/konstantinospapadogiannes/Desktop/FreelanceV2.00/Freelance/frontend/src/components/AdminSearchComponent.jsx": {"path":"/Users/konstantinospapadogiannes/Desktop/FreelanceV2.00/Freelance/frontend/src/components/AdminSearchComponent.jsx","statementMap":{"0":{"start":{"line":5,"column":29},"end":{"line":52,"column":1}},"1":{"start":{"line":6,"column":48},"end":{"line":6,"column":60}},"2":{"start":{"line":7,"column":34},"end":{"line":7,"column":49}},"3":{"start":{"line":8,"column":30},"end":{"line":8,"column":44}},"4":{"start":{"line":10,"column":25},"end":{"line":31,"column":5}},"5":{"start":{"line":11,"column":8},"end":{"line":11,"column":27}},"6":{"start":{"line":12,"column":8},"end":{"line":12,"column":25}},"7":{"start":{"line":13,"column":8},"end":{"line":13,"column":23}},"8":{"start":{"line":15,"column":8},"end":{"line":30,"column":9}},"9":{"start":{"line":16,"column":26},"end":{"line":16,"column":55}},"10":{"start":{"line":17,"column":29},"end":{"line":21,"column":14}},"11":{"start":{"line":24,"column":12},"end":{"line":24,"column":42}},"12":{"start":{"line":26,"column":12},"end":{"line":26,"column":75}},"13":{"start":{"line":27,"column":12},"end":{"line":27,"column":33}},"14":{"start":{"line":29,"column":12},"end":{"line":29,"column":30}},"15":{"start":{"line":33,"column":4},"end":{"line":51,"column":6}},"16":{"start":{"line":41,"column":37},"end":{"line":41,"column":70}}},"fnMap":{"0":{"name":"(anonymous_0)","decl":{"start":{"line":5,"column":29},"end":{"line":5,"column":30}},"loc":{"start":{"line":5,"column":53},"end":{"line":52,"column":1}},"line":5},"1":{"name":"(anonymous_1)","decl":{"start":{"line":10,"column":25},"end":{"line":10,"column":26}},"loc":{"start":{"line":10,"column":38},"end":{"line":31,"column":5}},"line":10},"2":{"name":"(anonymous_2)","decl":{"start":{"line":41,"column":30},"end":{"line":41,"column":31}},"loc":{"start":{"line":41,"column":37},"end":{"line":41,"column":70}},"line":41}},"branchMap":{"0":{"loc":{"start":{"line":26,"column":21},"end":{"line":26,"column":73}},"type":"binary-expr","locations":[{"start":{"line":26,"column":21},"end":{"line":26,"column":48}},{"start":{"line":26,"column":52},"end":{"line":26,"column":73}}],"line":26},"1":{"loc":{"start":{"line":49,"column":13},"end":{"line":49,"column":66}},"type":"binary-expr","locations":[{"start":{"line":49,"column":13},"end":{"line":49,"column":18}},{"start":{"line":49,"column":22},"end":{"line":49,"column":66}}],"line":49}},"s":{"0":1,"1":0,"2":0,"3":0,"4":0,"5":0,"6":0,"7":0,"8":0,"9":0,"10":0,"11":0,"12":0,"13":0,"14":0,"15":0,"16":0},"f":{"0":0,"1":0,"2":0},"b":{"0":[0,0],"1":[0,0]},"_coverageSchema":"1a1c01bbd47fc00a2c39e90264f33305004495a9","hash":"7d9870d2001f25e14bee9c3a2498f5444b36006e"}
,"/Users/konstantinospapadogiannes/Desktop/FreelanceV2.00/Freelance/frontend/src/components/ApplicationCard.jsx": {"path":"/Users/konstantinospapadogiannes/Desktop/FreelanceV2.00/Freelance/frontend/src/components/ApplicationCard.jsx","statementMap":{"0":{"start":{"line":6,"column":24},"end":{"line":78,"column":1}},"1":{"start":{"line":8,"column":27},"end":{"line":11,"column":5}},"2":{"start":{"line":13,"column":29},"end":{"line":24,"column":5}},"3":{"start":{"line":14,"column":8},"end":{"line":23,"column":9}},"4":{"start":{"line":15,"column":12},"end":{"line":19,"column":13}},"5":{"start":{"line":16,"column":16},"end":{"line":16,"column":49}},"6":{"start":{"line":18,"column":16},"end":{"line":18,"column":62}},"7":{"start":{"line":21,"column":12},"end":{"line":21,"column":58}},"8":{"start":{"line":22,"column":12},"end":{"line":22,"column":43}},"9":{"start":{"line":26,"column":4},"end":{"line":77,"column":6}}},"fnMap":{"0":{"name":"(anonymous_0)","decl":{"start":{"line":6,"column":24},"end":{"line":6,"column":25}},"loc":{"start":{"line":6,"column":65},"end":{"line":78,"column":1}},"line":6},"1":{"name":"(anonymous_1)","decl":{"start":{"line":8,"column":27},"end":{"line":8,"column":28}},"loc":{"start":{"line":8,"column":39},"end":{"line":11,"column":5}},"line":8},"2":{"name":"(anonymous_2)","decl":{"start":{"line":13,"column":29},"end":{"line":13,"column":30}},"loc":{"start":{"line":13,"column":41},"end":{"line":24,"column":5}},"line":13}},"branchMap":{"0":{"loc":{"start":{"line":15,"column":12},"end":{"line":19,"column":13}},"type":"if","locations":[{"start":{"line":15,"column":12},"end":{"line":19,"column":13}},{"start":{"line":17,"column":19},"end":{"line":19,"column":13}}],"line":15},"1":{"loc":{"start":{"line":61,"column":25},"end":{"line":71,"column":25}},"type":"binary-expr","locations":[{"start":{"line":61,"column":25},"end":{"line":61,"column":47}},{"start":{"line":62,"column":28},"end":{"line":70,"column":34}}],"line":61}},"s":{"0":1,"1":0,"2":0,"3":0,"4":0,"5":0,"6":0,"7":0,"8":0,"9":0},"f":{"0":0,"1":0,"2":0},"b":{"0":[0,0],"1":[0,0]},"_coverageSchema":"1a1c01bbd47fc00a2c39e90264f33305004495a9","hash":"bab3f404252f63600faf384c08bfc45d0823b89e"}
,"/Users/konstantinospapadogiannes/Desktop/FreelanceV2.00/Freelance/frontend/src/components/AvailableProjectCard.jsx": {"path":"/Users/konstantinospapadogiannes/Desktop/FreelanceV2.00/Freelance/frontend/src/components/AvailableProjectCard.jsx","statementMap":{"0":{"start":{"line":23,"column":29},"end":{"line":214,"column":1}},"1":{"start":{"line":24,"column":40},"end":{"line":24,"column":55}},"2":{"start":{"line":25,"column":46},"end":{"line":25,"column":61}},"3":{"start":{"line":26,"column":42},"end":{"line":26,"column":54}},"4":{"start":{"line":27,"column":32},"end":{"line":27,"column":46}},"5":{"start":{"line":28,"column":36},"end":{"line":28,"column":48}},"6":{"start":{"line":29,"column":30},"end":{"line":29,"column":42}},"7":{"start":{"line":31,"column":24},"end":{"line":71,"column":5}},"8":{"start":{"line":32,"column":8},"end":{"line":32,"column":27}},"9":{"start":{"line":34,"column":8},"end":{"line":37,"column":9}},"10":{"start":{"line":35,"column":12},"end":{"line":35,"column":54}},"11":{"start":{"line":36,"column":12},"end":{"line":36,"column":19}},"12":{"start":{"line":39,"column":8},"end":{"line":70,"column":9}},"13":{"start":{"line":40,"column":12},"end":{"line":40,"column":32}},"14":{"start":{"line":41,"column":12},"end":{"line":41,"column":25}},"15":{"start":{"line":43,"column":12},"end":{"line":47,"column":15}},"16":{"start":{"line":49,"column":12},"end":{"line":55,"column":13}},"17":{"start":{"line":51,"column":16},"end":{"line":51,"column":77}},"18":{"start":{"line":54,"column":16},"end":{"line":54,"column":63}},"19":{"start":{"line":58,"column":12},"end":{"line":58,"column":36}},"20":{"start":{"line":59,"column":12},"end":{"line":59,"column":31}},"21":{"start":{"line":60,"column":12},"end":{"line":60,"column":28}},"22":{"start":{"line":61,"column":12},"end":{"line":61,"column":28}},"23":{"start":{"line":64,"column":12},"end":{"line":64,"column":57}},"24":{"start":{"line":66,"column":12},"end":{"line":66,"column":55}},"25":{"start":{"line":67,"column":12},"end":{"line":67,"column":89}},"26":{"start":{"line":69,"column":12},"end":{"line":69,"column":33}},"27":{"start":{"line":73,"column":29},"end":{"line":92,"column":5}},"28":{"start":{"line":74,"column":21},"end":{"line":74,"column":38}},"29":{"start":{"line":75,"column":8},"end":{"line":91,"column":9}},"30":{"start":{"line":77,"column":29},"end":{"line":77,"column":38}},"31":{"start":{"line":78,"column":12},"end":{"line":90,"column":13}},"32":{"start":{"line":83,"column":16},"end":{"line":83,"column":32}},"33":{"start":{"line":84,"column":16},"end":{"line":84,"column":39}},"34":{"start":{"line":85,"column":16},"end":{"line":85,"column":29}},"35":{"start":{"line":87,"column":16},"end":{"line":87,"column":32}},"36":{"start":{"line":88,"column":16},"end":{"line":88,"column":32}},"37":{"start":{"line":89,"column":16},"end":{"line":89,"column":69}},"38":{"start":{"line":94,"column":24},"end":{"line":106,"column":5}},"39":{"start":{"line":95,"column":8},"end":{"line":95,"column":35}},"40":{"start":{"line":95,"column":23},"end":{"line":95,"column":35}},"41":{"start":{"line":97,"column":8},"end":{"line":103,"column":9}},"42":{"start":{"line":98,"column":12},"end":{"line":98,"column":59}},"43":{"start":{"line":99,"column":15},"end":{"line":103,"column":9}},"44":{"start":{"line":100,"column":12},"end":{"line":100,"column":61}},"45":{"start":{"line":101,"column":15},"end":{"line":103,"column":9}},"46":{"start":{"line":102,"column":12},"end":{"line":102,"column":63}},"47":{"start":{"line":105,"column":8},"end":{"line":105,"column":51}},"48":{"start":{"line":109,"column":23},"end":{"line":115,"column":5}},"49":{"start":{"line":110,"column":8},"end":{"line":110,"column":35}},"50":{"start":{"line":110,"column":22},"end":{"line":110,"column":35}},"51":{"start":{"line":111,"column":8},"end":{"line":113,"column":9}},"52":{"start":{"line":112,"column":12},"end":{"line":112,"column":58}},"53":{"start":{"line":114,"column":8},"end":{"line":114,"column":44}},"54":{"start":{"line":117,"column":4},"end":{"line":213,"column":6}},"55":{"start":{"line":150,"column":39},"end":{"line":150,"column":71}},"56":{"start":{"line":168,"column":53},"end":{"line":168,"column":83}}},"fnMap":{"0":{"name":"(anonymous_0)","decl":{"start":{"line":23,"column":29},"end":{"line":23,"column":30}},"loc":{"start":{"line":23,"column":46},"end":{"line":214,"column":1}},"line":23},"1":{"name":"(anonymous_1)","decl":{"start":{"line":31,"column":24},"end":{"line":31,"column":25}},"loc":{"start":{"line":31,"column":37},"end":{"line":71,"column":5}},"line":31},"2":{"name":"(anonymous_2)","decl":{"start":{"line":73,"column":29},"end":{"line":73,"column":30}},"loc":{"start":{"line":73,"column":36},"end":{"line":92,"column":5}},"line":73},"3":{"name":"(anonymous_3)","decl":{"start":{"line":94,"column":24},"end":{"line":94,"column":25}},"loc":{"start":{"line":94,"column":30},"end":{"line":106,"column":5}},"line":94},"4":{"name":"(anonymous_4)","decl":{"start":{"line":109,"column":23},"end":{"line":109,"column":24}},"loc":{"start":{"line":109,"column":36},"end":{"line":115,"column":5}},"line":109},"5":{"name":"(anonymous_5)","decl":{"start":{"line":150,"column":33},"end":{"line":150,"column":34}},"loc":{"start":{"line":150,"column":39},"end":{"line":150,"column":71}},"line":150},"6":{"name":"(anonymous_6)","decl":{"start":{"line":168,"column":46},"end":{"line":168,"column":47}},"loc":{"start":{"line":168,"column":53},"end":{"line":168,"column":83}},"line":168}},"branchMap":{"0":{"loc":{"start":{"line":34,"column":8},"end":{"line":37,"column":9}},"type":"if","locations":[{"start":{"line":34,"column":8},"end":{"line":37,"column":9}},{"start":{},"end":{}}],"line":34},"1":{"loc":{"start":{"line":46,"column":24},"end":{"line":46,"column":53}},"type":"cond-expr","locations":[{"start":{"line":46,"column":33},"end":{"line":46,"column":44}},{"start":{"line":46,"column":47},"end":{"line":46,"column":53}}],"line":46},"2":{"loc":{"start":{"line":49,"column":12},"end":{"line":55,"column":13}},"type":"if","locations":[{"start":{"line":49,"column":12},"end":{"line":55,"column":13}},{"start":{"line":52,"column":19},"end":{"line":55,"column":13}}],"line":49},"3":{"loc":{"start":{"line":67,"column":21},"end":{"line":67,"column":87}},"type":"binary-expr","locations":[{"start":{"line":67,"column":21},"end":{"line":67,"column":34}},{"start":{"line":67,"column":38},"end":{"line":67,"column":87}}],"line":67},"4":{"loc":{"start":{"line":75,"column":8},"end":{"line":91,"column":9}},"type":"if","locations":[{"start":{"line":75,"column":8},"end":{"line":91,"column":9}},{"start":{},"end":{}}],"line":75},"5":{"loc":{"start":{"line":78,"column":12},"end":{"line":90,"column":13}},"type":"if","locations":[{"start":{"line":78,"column":12},"end":{"line":90,"column":13}},{"start":{"line":86,"column":19},"end":{"line":90,"column":13}}],"line":78},"6":{"loc":{"start":{"line":79,"column":16},"end":{"line":81,"column":45}},"type":"binary-expr","locations":[{"start":{"line":79,"column":16},"end":{"line":79,"column":46}},{"start":{"line":80,"column":16},"end":{"line":80,"column":102}},{"start":{"line":81,"column":16},"end":{"line":81,"column":45}}],"line":79},"7":{"loc":{"start":{"line":95,"column":8},"end":{"line":95,"column":35}},"type":"if","locations":[{"start":{"line":95,"column":8},"end":{"line":95,"column":35}},{"start":{},"end":{}}],"line":95},"8":{"loc":{"start":{"line":97,"column":8},"end":{"line":103,"column":9}},"type":"if","locations":[{"start":{"line":97,"column":8},"end":{"line":103,"column":9}},{"start":{"line":99,"column":15},"end":{"line":103,"column":9}}],"line":97},"9":{"loc":{"start":{"line":99,"column":15},"end":{"line":103,"column":9}},"type":"if","locations":[{"start":{"line":99,"column":15},"end":{"line":103,"column":9}},{"start":{"line":101,"column":15},"end":{"line":103,"column":9}}],"line":99},"10":{"loc":{"start":{"line":99,"column":19},"end":{"line":99,"column":74}},"type":"binary-expr","locations":[{"start":{"line":99,"column":19},"end":{"line":99,"column":45}},{"start":{"line":99,"column":49},"end":{"line":99,"column":74}}],"line":99},"11":{"loc":{"start":{"line":101,"column":15},"end":{"line":103,"column":9}},"type":"if","locations":[{"start":{"line":101,"column":15},"end":{"line":103,"column":9}},{"start":{},"end":{}}],"line":101},"12":{"loc":{"start":{"line":101,"column":19},"end":{"line":101,"column":103}},"type":"binary-expr","locations":[{"start":{"line":101,"column":19},"end":{"line":101,"column":44}},{"start":{"line":101,"column":48},"end":{"line":101,"column":74}},{"start":{"line":101,"column":78},"end":{"line":101,"column":103}}],"line":101},"13":{"loc":{"start":{"line":110,"column":8},"end":{"line":110,"column":35}},"type":"if","locations":[{"start":{"line":110,"column":8},"end":{"line":110,"column":35}},{"start":{},"end":{}}],"line":110},"14":{"loc":{"start":{"line":111,"column":8},"end":{"line":113,"column":9}},"type":"if","locations":[{"start":{"line":111,"column":8},"end":{"line":113,"column":9}},{"start":{},"end":{}}],"line":111},"15":{"loc":{"start":{"line":121,"column":51},"end":{"line":121,"column":86}},"type":"binary-expr","locations":[{"start":{"line":121,"column":51},"end":{"line":121,"column":64}},{"start":{"line":121,"column":68},"end":{"line":121,"column":86}}],"line":121},"16":{"loc":{"start":{"line":126,"column":24},"end":{"line":126,"column":73}},"type":"binary-expr","locations":[{"start":{"line":126,"column":24},"end":{"line":126,"column":43}},{"start":{"line":126,"column":47},"end":{"line":126,"column":73}}],"line":126},"17":{"loc":{"start":{"line":133,"column":49},"end":{"line":133,"column":80}},"type":"binary-expr","locations":[{"start":{"line":133,"column":49},"end":{"line":133,"column":71}},{"start":{"line":133,"column":75},"end":{"line":133,"column":80}}],"line":133},"18":{"loc":{"start":{"line":138,"column":50},"end":{"line":138,"column":71}},"type":"binary-expr","locations":[{"start":{"line":138,"column":50},"end":{"line":138,"column":64}},{"start":{"line":138,"column":68},"end":{"line":138,"column":71}}],"line":138},"19":{"loc":{"start":{"line":152,"column":25},"end":{"line":152,"column":63}},"type":"cond-expr","locations":[{"start":{"line":152,"column":41},"end":{"line":152,"column":49}},{"start":{"line":152,"column":52},"end":{"line":152,"column":63}}],"line":152},"20":{"loc":{"start":{"line":156,"column":17},"end":{"line":210,"column":17}},"type":"binary-expr","locations":[{"start":{"line":156,"column":17},"end":{"line":156,"column":30}},{"start":{"line":157,"column":20},"end":{"line":209,"column":26}}],"line":156},"21":{"loc":{"start":{"line":159,"column":25},"end":{"line":159,"column":78}},"type":"binary-expr","locations":[{"start":{"line":159,"column":25},"end":{"line":159,"column":30}},{"start":{"line":159,"column":34},"end":{"line":159,"column":78}}],"line":159},"22":{"loc":{"start":{"line":189,"column":37},"end":{"line":194,"column":37}},"type":"binary-expr","locations":[{"start":{"line":189,"column":37},"end":{"line":189,"column":45}},{"start":{"line":190,"column":40},"end":{"line":193,"column":46}}],"line":189},"23":{"loc":{"start":{"line":205,"column":37},"end":{"line":205,"column":88}},"type":"cond-expr","locations":[{"start":{"line":205,"column":50},"end":{"line":205,"column":65}},{"start":{"line":205,"column":68},"end":{"line":205,"column":88}}],"line":205}},"s":{"0":1,"1":0,"2":0,"3":0,"4":0,"5":0,"6":0,"7":0,"8":0,"9":0,"10":0,"11":0,"12":0,"13":0,"14":0,"15":0,"16":0,"17":0,"18":0,"19":0,"20":0,"21":0,"22":0,"23":0,"24":0,"25":0,"26":0,"27":0,"28":0,"29":0,"30":0,"31":0,"32":0,"33":0,"34":0,"35":0,"36":0,"37":0,"38":0,"39":0,"40":0,"41":0,"42":0,"43":0,"44":0,"45":0,"46":0,"47":0,"48":0,"49":0,"50":0,"51":0,"52":0,"53":0,"54":0,"55":0,"56":0},"f":{"0":0,"1":0,"2":0,"3":0,"4":0,"5":0,"6":0},"b":{"0":[0,0],"1":[0,0],"2":[0,0],"3":[0,0],"4":[0,0],"5":[0,0],"6":[0,0,0],"7":[0,0],"8":[0,0],"9":[0,0],"10":[0,0],"11":[0,0],"12":[0,0,0],"13":[0,0],"14":[0,0],"15":[0,0],"16":[0,0],"17":[0,0],"18":[0,0],"19":[0,0],"20":[0,0],"21":[0,0],"22":[0,0],"23":[0,0]},"_coverageSchema":"1a1c01bbd47fc00a2c39e90264f33305004495a9","hash":"83646cdc3dbf5a28450eb3653aeb74b950ce2fe3"}
,"/Users/konstantinospapadogiannes/Desktop/FreelanceV2.00/Freelance/frontend/src/components/Chat.jsx": {"path":"/Users/konstantinospapadogiannes/Desktop/FreelanceV2.00/Freelance/frontend/src/components/Chat.jsx","statementMap":{"0":{"start":{"line":6,"column":13},"end":{"line":111,"column":1}},"1":{"start":{"line":7,"column":36},"end":{"line":7,"column":48}},"2":{"start":{"line":8,"column":40},"end":{"line":8,"column":52}},"3":{"start":{"line":9,"column":38},"end":{"line":9,"column":53}},"4":{"start":{"line":10,"column":27},"end":{"line":10,"column":39}},"5":{"start":{"line":11,"column":25},"end":{"line":11,"column":44}},"6":{"start":{"line":13,"column":27},"end":{"line":15,"column":5}},"7":{"start":{"line":14,"column":8},"end":{"line":14,"column":71}},"8":{"start":{"line":17,"column":4},"end":{"line":30,"column":20}},"9":{"start":{"line":18,"column":30},"end":{"line":25,"column":9}},"10":{"start":{"line":19,"column":12},"end":{"line":24,"column":13}},"11":{"start":{"line":20,"column":40},"end":{"line":20,"column":68}},"12":{"start":{"line":21,"column":16},"end":{"line":21,"column":45}},"13":{"start":{"line":23,"column":16},"end":{"line":23,"column":65}},"14":{"start":{"line":27,"column":8},"end":{"line":27,"column":24}},"15":{"start":{"line":28,"column":25},"end":{"line":28,"column":57}},"16":{"start":{"line":29,"column":8},"end":{"line":29,"column":45}},"17":{"start":{"line":29,"column":21},"end":{"line":29,"column":44}},"18":{"start":{"line":32,"column":4},"end":{"line":34,"column":19}},"19":{"start":{"line":33,"column":8},"end":{"line":33,"column":25}},"20":{"start":{"line":36,"column":23},"end":{"line":57,"column":5}},"21":{"start":{"line":37,"column":8},"end":{"line":37,"column":27}},"22":{"start":{"line":38,"column":8},"end":{"line":38,"column":52}},"23":{"start":{"line":38,"column":45},"end":{"line":38,"column":52}},"24":{"start":{"line":40,"column":8},"end":{"line":56,"column":9}},"25":{"start":{"line":41,"column":12},"end":{"line":41,"column":31}},"26":{"start":{"line":42,"column":12},"end":{"line":42,"column":60}},"27":{"start":{"line":43,"column":12},"end":{"line":43,"column":30}},"28":{"start":{"line":45,"column":27},"end":{"line":50,"column":13}},"29":{"start":{"line":51,"column":12},"end":{"line":51,"column":51}},"30":{"start":{"line":51,"column":32},"end":{"line":51,"column":49}},"31":{"start":{"line":53,"column":12},"end":{"line":53,"column":59}},"32":{"start":{"line":55,"column":12},"end":{"line":55,"column":32}},"33":{"start":{"line":59,"column":27},"end":{"line":64,"column":5}},"34":{"start":{"line":60,"column":8},"end":{"line":63,"column":9}},"35":{"start":{"line":61,"column":12},"end":{"line":61,"column":31}},"36":{"start":{"line":62,"column":12},"end":{"line":62,"column":26}},"37":{"start":{"line":66,"column":4},"end":{"line":110,"column":6}},"38":{"start":{"line":75,"column":20},"end":{"line":86,"column":26}},"39":{"start":{"line":95,"column":37},"end":{"line":95,"column":66}}},"fnMap":{"0":{"name":"(anonymous_0)","decl":{"start":{"line":6,"column":13},"end":{"line":6,"column":14}},"loc":{"start":{"line":6,"column":41},"end":{"line":111,"column":1}},"line":6},"1":{"name":"(anonymous_1)","decl":{"start":{"line":13,"column":27},"end":{"line":13,"column":28}},"loc":{"start":{"line":13,"column":33},"end":{"line":15,"column":5}},"line":13},"2":{"name":"(anonymous_2)","decl":{"start":{"line":17,"column":14},"end":{"line":17,"column":15}},"loc":{"start":{"line":17,"column":20},"end":{"line":30,"column":5}},"line":17},"3":{"name":"(anonymous_3)","decl":{"start":{"line":18,"column":30},"end":{"line":18,"column":31}},"loc":{"start":{"line":18,"column":42},"end":{"line":25,"column":9}},"line":18},"4":{"name":"(anonymous_4)","decl":{"start":{"line":29,"column":15},"end":{"line":29,"column":16}},"loc":{"start":{"line":29,"column":21},"end":{"line":29,"column":44}},"line":29},"5":{"name":"(anonymous_5)","decl":{"start":{"line":32,"column":14},"end":{"line":32,"column":15}},"loc":{"start":{"line":32,"column":20},"end":{"line":34,"column":5}},"line":32},"6":{"name":"(anonymous_6)","decl":{"start":{"line":36,"column":23},"end":{"line":36,"column":24}},"loc":{"start":{"line":36,"column":36},"end":{"line":57,"column":5}},"line":36},"7":{"name":"(anonymous_7)","decl":{"start":{"line":51,"column":24},"end":{"line":51,"column":25}},"loc":{"start":{"line":51,"column":32},"end":{"line":51,"column":49}},"line":51},"8":{"name":"(anonymous_8)","decl":{"start":{"line":59,"column":27},"end":{"line":59,"column":28}},"loc":{"start":{"line":59,"column":34},"end":{"line":64,"column":5}},"line":59},"9":{"name":"(anonymous_9)","decl":{"start":{"line":74,"column":30},"end":{"line":74,"column":31}},"loc":{"start":{"line":75,"column":20},"end":{"line":86,"column":26}},"line":75},"10":{"name":"(anonymous_10)","decl":{"start":{"line":95,"column":30},"end":{"line":95,"column":31}},"loc":{"start":{"line":95,"column":37},"end":{"line":95,"column":66}},"line":95}},"branchMap":{"0":{"loc":{"start":{"line":38,"column":8},"end":{"line":38,"column":52}},"type":"if","locations":[{"start":{"line":38,"column":8},"end":{"line":38,"column":52}},{"start":{},"end":{}}],"line":38},"1":{"loc":{"start":{"line":38,"column":12},"end":{"line":38,"column":43}},"type":"binary-expr","locations":[{"start":{"line":38,"column":12},"end":{"line":38,"column":30}},{"start":{"line":38,"column":34},"end":{"line":38,"column":43}}],"line":38},"2":{"loc":{"start":{"line":60,"column":8},"end":{"line":63,"column":9}},"type":"if","locations":[{"start":{"line":60,"column":8},"end":{"line":63,"column":9}},{"start":{},"end":{}}],"line":60},"3":{"loc":{"start":{"line":60,"column":12},"end":{"line":60,"column":44}},"type":"binary-expr","locations":[{"start":{"line":60,"column":12},"end":{"line":60,"column":29}},{"start":{"line":60,"column":33},"end":{"line":60,"column":44}}],"line":60},"4":{"loc":{"start":{"line":76,"column":29},"end":{"line":76,"column":48}},"type":"binary-expr","locations":[{"start":{"line":76,"column":29},"end":{"line":76,"column":39}},{"start":{"line":76,"column":43},"end":{"line":76,"column":48}}],"line":76},"5":{"loc":{"start":{"line":77,"column":46},"end":{"line":77,"column":95}},"type":"cond-expr","locations":[{"start":{"line":77,"column":76},"end":{"line":77,"column":82}},{"start":{"line":77,"column":85},"end":{"line":77,"column":95}}],"line":77},"6":{"loc":{"start":{"line":104,"column":30},"end":{"line":104,"column":61}},"type":"binary-expr","locations":[{"start":{"line":104,"column":30},"end":{"line":104,"column":48}},{"start":{"line":104,"column":52},"end":{"line":104,"column":61}}],"line":104},"7":{"loc":{"start":{"line":106,"column":21},"end":{"line":106,"column":54}},"type":"cond-expr","locations":[{"start":{"line":106,"column":33},"end":{"line":106,"column":45}},{"start":{"line":106,"column":48},"end":{"line":106,"column":54}}],"line":106}},"s":{"0":1,"1":0,"2":0,"3":0,"4":0,"5":0,"6":0,"7":0,"8":0,"9":0,"10":0,"11":0,"12":0,"13":0,"14":0,"15":0,"16":0,"17":0,"18":0,"19":0,"20":0,"21":0,"22":0,"23":0,"24":0,"25":0,"26":0,"27":0,"28":0,"29":0,"30":0,"31":0,"32":0,"33":0,"34":0,"35":0,"36":0,"37":0,"38":0,"39":0},"f":{"0":0,"1":0,"2":0,"3":0,"4":0,"5":0,"6":0,"7":0,"8":0,"9":0,"10":0},"b":{"0":[0,0],"1":[0,0],"2":[0,0],"3":[0,0],"4":[0,0],"5":[0,0],"6":[0,0],"7":[0,0]},"_coverageSchema":"1a1c01bbd47fc00a2c39e90264f33305004495a9","hash":"2eaa59f433328e4612f6eacbc8add1cecdbed747"}
,"/Users/konstantinospapadogiannes/Desktop/FreelanceV2.00/Freelance/frontend/src/components/ClientApplicationCard.jsx": {"path":"/Users/konstantinospapadogiannes/Desktop/FreelanceV2.00/Freelance/frontend/src/components/ClientApplicationCard.jsx","statementMap":{"0":{"start":{"line":8,"column":30},"end":{"line":249,"column":1}},"1":{"start":{"line":9,"column":4},"end":{"line":9,"column":50}},"2":{"start":{"line":10,"column":36},"end":{"line":10,"column":51}},"3":{"start":{"line":11,"column":48},"end":{"line":11,"column":63}},"4":{"start":{"line":12,"column":54},"end":{"line":12,"column":66}},"5":{"start":{"line":14,"column":27},"end":{"line":25,"column":5}},"6":{"start":{"line":15,"column":8},"end":{"line":24,"column":9}},"7":{"start":{"line":17,"column":16},"end":{"line":17,"column":33}},"8":{"start":{"line":19,"column":16},"end":{"line":19,"column":34}},"9":{"start":{"line":21,"column":16},"end":{"line":21,"column":34}},"10":{"start":{"line":23,"column":16},"end":{"line":23,"column":26}},"11":{"start":{"line":27,"column":23},"end":{"line":47,"column":5}},"12":{"start":{"line":28,"column":8},"end":{"line":28,"column":62}},"13":{"start":{"line":28,"column":50},"end":{"line":28,"column":62}},"14":{"start":{"line":30,"column":8},"end":{"line":46,"column":10}},"15":{"start":{"line":42,"column":35},"end":{"line":42,"column":53}},"16":{"start":{"line":49,"column":25},"end":{"line":79,"column":5}},"17":{"start":{"line":50,"column":8},"end":{"line":53,"column":9}},"18":{"start":{"line":51,"column":12},"end":{"line":51,"column":63}},"19":{"start":{"line":52,"column":12},"end":{"line":52,"column":19}},"20":{"start":{"line":55,"column":8},"end":{"line":78,"column":9}},"21":{"start":{"line":56,"column":29},"end":{"line":68,"column":13}},"22":{"start":{"line":70,"column":12},"end":{"line":74,"column":13}},"23":{"start":{"line":71,"column":16},"end":{"line":71,"column":55}},"24":{"start":{"line":72,"column":16},"end":{"line":72,"column":41}},"25":{"start":{"line":73,"column":16},"end":{"line":73,"column":41}},"26":{"start":{"line":76,"column":12},"end":{"line":76,"column":61}},"27":{"start":{"line":77,"column":12},"end":{"line":77,"column":98}},"28":{"start":{"line":81,"column":29},"end":{"line":158,"column":5}},"29":{"start":{"line":82,"column":8},"end":{"line":82,"column":41}},"30":{"start":{"line":82,"column":29},"end":{"line":82,"column":41}},"31":{"start":{"line":84,"column":8},"end":{"line":157,"column":10}},"32":{"start":{"line":107,"column":39},"end":{"line":107,"column":63}},"33":{"start":{"line":126,"column":41},"end":{"line":126,"column":77}},"34":{"start":{"line":160,"column":29},"end":{"line":165,"column":5}},"35":{"start":{"line":161,"column":22},"end":{"line":161,"column":51}},"36":{"start":{"line":162,"column":8},"end":{"line":162,"column":27}},"37":{"start":{"line":162,"column":20},"end":{"line":162,"column":27}},"38":{"start":{"line":164,"column":8},"end":{"line":164,"column":96}},"39":{"start":{"line":167,"column":4},"end":{"line":248,"column":6}},"40":{"start":{"line":197,"column":43},"end":{"line":197,"column":75}},"41":{"start":{"line":210,"column":43},"end":{"line":210,"column":67}},"42":{"start":{"line":216,"column":43},"end":{"line":216,"column":67}},"43":{"start":{"line":227,"column":32},"end":{"line":229,"column":33}},"44":{"start":{"line":228,"column":36},"end":{"line":228,"column":63}},"45":{"start":{"line":228,"column":56},"end":{"line":228,"column":61}},"46":{"start":{"line":236,"column":43},"end":{"line":236,"column":66}}},"fnMap":{"0":{"name":"(anonymous_0)","decl":{"start":{"line":8,"column":30},"end":{"line":8,"column":31}},"loc":{"start":{"line":8,"column":71},"end":{"line":249,"column":1}},"line":8},"1":{"name":"(anonymous_1)","decl":{"start":{"line":14,"column":27},"end":{"line":14,"column":28}},"loc":{"start":{"line":14,"column":39},"end":{"line":25,"column":5}},"line":14},"2":{"name":"(anonymous_2)","decl":{"start":{"line":27,"column":23},"end":{"line":27,"column":24}},"loc":{"start":{"line":27,"column":29},"end":{"line":47,"column":5}},"line":27},"3":{"name":"(anonymous_3)","decl":{"start":{"line":42,"column":29},"end":{"line":42,"column":30}},"loc":{"start":{"line":42,"column":35},"end":{"line":42,"column":53}},"line":42},"4":{"name":"(anonymous_4)","decl":{"start":{"line":49,"column":25},"end":{"line":49,"column":26}},"loc":{"start":{"line":49,"column":37},"end":{"line":79,"column":5}},"line":49},"5":{"name":"(anonymous_5)","decl":{"start":{"line":81,"column":29},"end":{"line":81,"column":30}},"loc":{"start":{"line":81,"column":35},"end":{"line":158,"column":5}},"line":81},"6":{"name":"(anonymous_6)","decl":{"start":{"line":107,"column":33},"end":{"line":107,"column":34}},"loc":{"start":{"line":107,"column":39},"end":{"line":107,"column":63}},"line":107},"7":{"name":"(anonymous_7)","decl":{"start":{"line":126,"column":34},"end":{"line":126,"column":35}},"loc":{"start":{"line":126,"column":41},"end":{"line":126,"column":77}},"line":126},"8":{"name":"(anonymous_8)","decl":{"start":{"line":160,"column":29},"end":{"line":160,"column":30}},"loc":{"start":{"line":160,"column":48},"end":{"line":165,"column":5}},"line":160},"9":{"name":"(anonymous_9)","decl":{"start":{"line":197,"column":37},"end":{"line":197,"column":38}},"loc":{"start":{"line":197,"column":43},"end":{"line":197,"column":75}},"line":197},"10":{"name":"(anonymous_10)","decl":{"start":{"line":210,"column":37},"end":{"line":210,"column":38}},"loc":{"start":{"line":210,"column":43},"end":{"line":210,"column":67}},"line":210},"11":{"name":"(anonymous_11)","decl":{"start":{"line":216,"column":37},"end":{"line":216,"column":38}},"loc":{"start":{"line":216,"column":43},"end":{"line":216,"column":67}},"line":216},"12":{"name":"(anonymous_12)","decl":{"start":{"line":226,"column":37},"end":{"line":226,"column":38}},"loc":{"start":{"line":226,"column":43},"end":{"line":230,"column":29}},"line":226},"13":{"name":"(anonymous_13)","decl":{"start":{"line":228,"column":48},"end":{"line":228,"column":49}},"loc":{"start":{"line":228,"column":56},"end":{"line":228,"column":61}},"line":228},"14":{"name":"(anonymous_14)","decl":{"start":{"line":236,"column":37},"end":{"line":236,"column":38}},"loc":{"start":{"line":236,"column":43},"end":{"line":236,"column":66}},"line":236}},"branchMap":{"0":{"loc":{"start":{"line":15,"column":8},"end":{"line":24,"column":9}},"type":"switch","locations":[{"start":{"line":16,"column":12},"end":{"line":17,"column":33}},{"start":{"line":18,"column":12},"end":{"line":19,"column":34}},{"start":{"line":20,"column":12},"end":{"line":21,"column":34}},{"start":{"line":22,"column":12},"end":{"line":23,"column":26}}],"line":15},"1":{"loc":{"start":{"line":28,"column":8},"end":{"line":28,"column":62}},"type":"if","locations":[{"start":{"line":28,"column":8},"end":{"line":28,"column":62}},{"start":{},"end":{}}],"line":28},"2":{"loc":{"start":{"line":28,"column":12},"end":{"line":28,"column":48}},"type":"binary-expr","locations":[{"start":{"line":28,"column":12},"end":{"line":28,"column":21}},{"start":{"line":28,"column":25},"end":{"line":28,"column":48}}],"line":28},"3":{"loc":{"start":{"line":50,"column":8},"end":{"line":53,"column":9}},"type":"if","locations":[{"start":{"line":50,"column":8},"end":{"line":53,"column":9}},{"start":{},"end":{}}],"line":50},"4":{"loc":{"start":{"line":70,"column":12},"end":{"line":74,"column":13}},"type":"if","locations":[{"start":{"line":70,"column":12},"end":{"line":74,"column":13}},{"start":{},"end":{}}],"line":70},"5":{"loc":{"start":{"line":70,"column":16},"end":{"line":70,"column":66}},"type":"binary-expr","locations":[{"start":{"line":70,"column":16},"end":{"line":70,"column":39}},{"start":{"line":70,"column":43},"end":{"line":70,"column":66}}],"line":70},"6":{"loc":{"start":{"line":77,"column":49},"end":{"line":77,"column":95}},"type":"binary-expr","locations":[{"start":{"line":77,"column":49},"end":{"line":77,"column":78}},{"start":{"line":77,"column":82},"end":{"line":77,"column":95}}],"line":77},"7":{"loc":{"start":{"line":82,"column":8},"end":{"line":82,"column":41}},"type":"if","locations":[{"start":{"line":82,"column":8},"end":{"line":82,"column":41}},{"start":{},"end":{}}],"line":82},"8":{"loc":{"start":{"line":162,"column":8},"end":{"line":162,"column":27}},"type":"if","locations":[{"start":{"line":162,"column":8},"end":{"line":162,"column":27}},{"start":{},"end":{}}],"line":162},"9":{"loc":{"start":{"line":193,"column":17},"end":{"line":202,"column":17}},"type":"binary-expr","locations":[{"start":{"line":193,"column":17},"end":{"line":193,"column":39}},{"start":{"line":194,"column":20},"end":{"line":201,"column":26}}],"line":193},"10":{"loc":{"start":{"line":206,"column":17},"end":{"line":221,"column":17}},"type":"binary-expr","locations":[{"start":{"line":206,"column":17},"end":{"line":206,"column":60}},{"start":{"line":207,"column":20},"end":{"line":220,"column":23}}],"line":206},"11":{"loc":{"start":{"line":222,"column":17},"end":{"line":241,"column":17}},"type":"binary-expr","locations":[{"start":{"line":222,"column":17},"end":{"line":222,"column":61}},{"start":{"line":223,"column":20},"end":{"line":240,"column":23}}],"line":222},"12":{"loc":{"start":{"line":227,"column":32},"end":{"line":229,"column":33}},"type":"if","locations":[{"start":{"line":227,"column":32},"end":{"line":229,"column":33}},{"start":{},"end":{}}],"line":227},"13":{"loc":{"start":{"line":232,"column":29},"end":{"line":232,"column":77}},"type":"cond-expr","locations":[{"start":{"line":232,"column":40},"end":{"line":232,"column":52}},{"start":{"line":232,"column":55},"end":{"line":232,"column":77}}],"line":232}},"s":{"0":1,"1":0,"2":0,"3":0,"4":0,"5":0,"6":0,"7":0,"8":0,"9":0,"10":0,"11":0,"12":0,"13":0,"14":0,"15":0,"16":0,"17":0,"18":0,"19":0,"20":0,"21":0,"22":0,"23":0,"24":0,"25":0,"26":0,"27":0,"28":0,"29":0,"30":0,"31":0,"32":0,"33":0,"34":0,"35":0,"36":0,"37":0,"38":0,"39":0,"40":0,"41":0,"42":0,"43":0,"44":0,"45":0,"46":0},"f":{"0":0,"1":0,"2":0,"3":0,"4":0,"5":0,"6":0,"7":0,"8":0,"9":0,"10":0,"11":0,"12":0,"13":0,"14":0},"b":{"0":[0,0,0,0],"1":[0,0],"2":[0,0],"3":[0,0],"4":[0,0],"5":[0,0],"6":[0,0],"7":[0,0],"8":[0,0],"9":[0,0],"10":[0,0],"11":[0,0],"12":[0,0],"13":[0,0]},"_coverageSchema":"1a1c01bbd47fc00a2c39e90264f33305004495a9","hash":"e84f26e2e3ae22f583148697d9ddd2c93975d2ca"}
,"/Users/konstantinospapadogiannes/Desktop/FreelanceV2.00/Freelance/frontend/src/components/ClientProjectCard.jsx": {"path":"/Users/konstantinospapadogiannes/Desktop/FreelanceV2.00/Freelance/frontend/src/components/ClientProjectCard.jsx","statementMap":{"0":{"start":{"line":5,"column":26},"end":{"line":73,"column":1}},"1":{"start":{"line":6,"column":27},"end":{"line":23,"column":5}},"2":{"start":{"line":7,"column":8},"end":{"line":22,"column":9}},"3":{"start":{"line":9,"column":16},"end":{"line":9,"column":33}},"4":{"start":{"line":11,"column":16},"end":{"line":11,"column":37}},"5":{"start":{"line":13,"column":16},"end":{"line":13,"column":35}},"6":{"start":{"line":15,"column":16},"end":{"line":15,"column":33}},"7":{"start":{"line":17,"column":16},"end":{"line":17,"column":34}},"8":{"start":{"line":19,"column":16},"end":{"line":19,"column":32}},"9":{"start":{"line":21,"column":16},"end":{"line":21,"column":26}},"10":{"start":{"line":25,"column":4},"end":{"line":72,"column":6}}},"fnMap":{"0":{"name":"(anonymous_0)","decl":{"start":{"line":5,"column":26},"end":{"line":5,"column":27}},"loc":{"start":{"line":5,"column":43},"end":{"line":73,"column":1}},"line":5},"1":{"name":"(anonymous_1)","decl":{"start":{"line":6,"column":27},"end":{"line":6,"column":28}},"loc":{"start":{"line":6,"column":39},"end":{"line":23,"column":5}},"line":6}},"branchMap":{"0":{"loc":{"start":{"line":7,"column":8},"end":{"line":22,"column":9}},"type":"switch","locations":[{"start":{"line":8,"column":12},"end":{"line":9,"column":33}},{"start":{"line":10,"column":12},"end":{"line":11,"column":37}},{"start":{"line":12,"column":12},"end":{"line":13,"column":35}},{"start":{"line":14,"column":12},"end":{"line":15,"column":33}},{"start":{"line":16,"column":12},"end":{"line":17,"column":34}},{"start":{"line":18,"column":12},"end":{"line":19,"column":32}},{"start":{"line":20,"column":12},"end":{"line":21,"column":26}}],"line":7}},"s":{"0":1,"1":0,"2":0,"3":0,"4":0,"5":0,"6":0,"7":0,"8":0,"9":0,"10":0},"f":{"0":0,"1":0},"b":{"0":[0,0,0,0,0,0,0]},"_coverageSchema":"1a1c01bbd47fc00a2c39e90264f33305004495a9","hash":"6e19a2dff7b0354eca2900efdab14f497830f425"}
,"/Users/konstantinospapadogiannes/Desktop/FreelanceV2.00/Freelance/frontend/src/components/ClientWelcome.jsx": {"path":"/Users/konstantinospapadogiannes/Desktop/FreelanceV2.00/Freelance/frontend/src/components/ClientWelcome.jsx","statementMap":{"0":{"start":{"line":6,"column":22},"end":{"line":101,"column":1}},"1":{"start":{"line":7,"column":30},"end":{"line":11,"column":6}},"2":{"start":{"line":12,"column":34},"end":{"line":12,"column":48}},"3":{"start":{"line":14,"column":4},"end":{"line":32,"column":11}},"4":{"start":{"line":15,"column":27},"end":{"line":29,"column":9}},"5":{"start":{"line":16,"column":12},"end":{"line":28,"column":13}},"6":{"start":{"line":17,"column":36},"end":{"line":17,"column":58}},"7":{"start":{"line":18,"column":16},"end":{"line":22,"column":19}},"8":{"start":{"line":24,"column":16},"end":{"line":24,"column":69}},"9":{"start":{"line":27,"column":16},"end":{"line":27,"column":34}},"10":{"start":{"line":31,"column":8},"end":{"line":31,"column":21}},"11":{"start":{"line":34,"column":4},"end":{"line":100,"column":6}}},"fnMap":{"0":{"name":"(anonymous_0)","decl":{"start":{"line":6,"column":22},"end":{"line":6,"column":23}},"loc":{"start":{"line":6,"column":40},"end":{"line":101,"column":1}},"line":6},"1":{"name":"(anonymous_1)","decl":{"start":{"line":14,"column":14},"end":{"line":14,"column":15}},"loc":{"start":{"line":14,"column":20},"end":{"line":32,"column":5}},"line":14},"2":{"name":"(anonymous_2)","decl":{"start":{"line":15,"column":27},"end":{"line":15,"column":28}},"loc":{"start":{"line":15,"column":39},"end":{"line":29,"column":9}},"line":15}},"branchMap":{"0":{"loc":{"start":{"line":19,"column":36},"end":{"line":19,"column":67}},"type":"binary-expr","locations":[{"start":{"line":19,"column":36},"end":{"line":19,"column":62}},{"start":{"line":19,"column":66},"end":{"line":19,"column":67}}],"line":19},"1":{"loc":{"start":{"line":20,"column":41},"end":{"line":20,"column":77}},"type":"binary-expr","locations":[{"start":{"line":20,"column":41},"end":{"line":20,"column":72}},{"start":{"line":20,"column":76},"end":{"line":20,"column":77}}],"line":20},"2":{"loc":{"start":{"line":21,"column":39},"end":{"line":21,"column":73}},"type":"binary-expr","locations":[{"start":{"line":21,"column":39},"end":{"line":21,"column":68}},{"start":{"line":21,"column":72},"end":{"line":21,"column":73}}],"line":21},"3":{"loc":{"start":{"line":62,"column":17},"end":{"line":90,"column":17}},"type":"cond-expr","locations":[{"start":{"line":63,"column":20},"end":{"line":74,"column":26}},{"start":{"line":76,"column":20},"end":{"line":89,"column":26}}],"line":62}},"s":{"0":1,"1":0,"2":0,"3":0,"4":0,"5":0,"6":0,"7":0,"8":0,"9":0,"10":0,"11":0},"f":{"0":0,"1":0,"2":0},"b":{"0":[0,0],"1":[0,0],"2":[0,0],"3":[0,0]},"_coverageSchema":"1a1c01bbd47fc00a2c39e90264f33305004495a9","hash":"6d8851d0a9705ac269f803a2ac2cde07b720c405"}
,"/Users/konstantinospapadogiannes/Desktop/FreelanceV2.00/Freelance/frontend/src/components/Footer.jsx": {"path":"/Users/konstantinospapadogiannes/Desktop/FreelanceV2.00/Freelance/frontend/src/components/Footer.jsx","statementMap":{"0":{"start":{"line":6,"column":15},"end":{"line":17,"column":1}},"1":{"start":{"line":7,"column":4},"end":{"line":16,"column":6}}},"fnMap":{"0":{"name":"(anonymous_0)","decl":{"start":{"line":6,"column":15},"end":{"line":6,"column":16}},"loc":{"start":{"line":6,"column":21},"end":{"line":17,"column":1}},"line":6}},"branchMap":{},"s":{"0":2,"1":0},"f":{"0":0},"b":{},"_coverageSchema":"1a1c01bbd47fc00a2c39e90264f33305004495a9","hash":"5daf5183f7cb5bf75df81378901fae2d90d5b961"}
,"/Users/konstantinospapadogiannes/Desktop/FreelanceV2.00/Freelance/frontend/src/components/FreelancerProjectCard.jsx": {"path":"/Users/konstantinospapadogiannes/Desktop/FreelanceV2.00/Freelance/frontend/src/components/FreelancerProjectCard.jsx","statementMap":{"0":{"start":{"line":8,"column":30},"end":{"line":176,"column":1}},"1":{"start":{"line":9,"column":44},"end":{"line":9,"column":59}},"2":{"start":{"line":10,"column":36},"end":{"line":10,"column":51}},"3":{"start":{"line":11,"column":48},"end":{"line":11,"column":63}},"4":{"start":{"line":12,"column":54},"end":{"line":12,"column":66}},"5":{"start":{"line":14,"column":27},"end":{"line":24,"column":5}},"6":{"start":{"line":15,"column":8},"end":{"line":23,"column":9}},"7":{"start":{"line":16,"column":12},"end":{"line":16,"column":34}},"8":{"start":{"line":17,"column":12},"end":{"line":17,"column":52}},"9":{"start":{"line":18,"column":12},"end":{"line":18,"column":49}},"10":{"start":{"line":20,"column":12},"end":{"line":20,"column":65}},"11":{"start":{"line":22,"column":12},"end":{"line":22,"column":35}},"12":{"start":{"line":26,"column":23},"end":{"line":46,"column":5}},"13":{"start":{"line":27,"column":8},"end":{"line":27,"column":50}},"14":{"start":{"line":27,"column":38},"end":{"line":27,"column":50}},"15":{"start":{"line":29,"column":8},"end":{"line":45,"column":10}},"16":{"start":{"line":41,"column":35},"end":{"line":41,"column":53}},"17":{"start":{"line":48,"column":29},"end":{"line":97,"column":5}},"18":{"start":{"line":49,"column":8},"end":{"line":49,"column":41}},"19":{"start":{"line":49,"column":29},"end":{"line":49,"column":41}},"20":{"start":{"line":51,"column":8},"end":{"line":96,"column":10}},"21":{"start":{"line":66,"column":41},"end":{"line":66,"column":77}},"22":{"start":{"line":72,"column":32},"end":{"line":79,"column":33}},"23":{"start":{"line":73,"column":36},"end":{"line":73,"column":86}},"24":{"start":{"line":74,"column":36},"end":{"line":74,"column":75}},"25":{"start":{"line":75,"column":36},"end":{"line":75,"column":61}},"26":{"start":{"line":76,"column":36},"end":{"line":76,"column":61}},"27":{"start":{"line":78,"column":36},"end":{"line":78,"column":69}},"28":{"start":{"line":86,"column":32},"end":{"line":86,"column":57}},"29":{"start":{"line":87,"column":32},"end":{"line":87,"column":57}},"30":{"start":{"line":99,"column":4},"end":{"line":175,"column":6}},"31":{"start":{"line":149,"column":28},"end":{"line":151,"column":29}},"32":{"start":{"line":150,"column":32},"end":{"line":150,"column":59}},"33":{"start":{"line":150,"column":52},"end":{"line":150,"column":57}},"34":{"start":{"line":158,"column":43},"end":{"line":158,"column":66}},"35":{"start":{"line":179,"column":23},"end":{"line":185,"column":1}},"36":{"start":{"line":180,"column":25},"end":{"line":180,"column":43}},"37":{"start":{"line":181,"column":16},"end":{"line":181,"column":26}},"38":{"start":{"line":182,"column":21},"end":{"line":182,"column":39}},"39":{"start":{"line":183,"column":21},"end":{"line":183,"column":64}},"40":{"start":{"line":184,"column":4},"end":{"line":184,"column":42}}},"fnMap":{"0":{"name":"(anonymous_0)","decl":{"start":{"line":8,"column":30},"end":{"line":8,"column":31}},"loc":{"start":{"line":8,"column":59},"end":{"line":176,"column":1}},"line":8},"1":{"name":"(anonymous_1)","decl":{"start":{"line":14,"column":27},"end":{"line":14,"column":28}},"loc":{"start":{"line":14,"column":39},"end":{"line":24,"column":5}},"line":14},"2":{"name":"(anonymous_2)","decl":{"start":{"line":26,"column":23},"end":{"line":26,"column":24}},"loc":{"start":{"line":26,"column":29},"end":{"line":46,"column":5}},"line":26},"3":{"name":"(anonymous_3)","decl":{"start":{"line":41,"column":29},"end":{"line":41,"column":30}},"loc":{"start":{"line":41,"column":35},"end":{"line":41,"column":53}},"line":41},"4":{"name":"(anonymous_4)","decl":{"start":{"line":48,"column":29},"end":{"line":48,"column":30}},"loc":{"start":{"line":48,"column":35},"end":{"line":97,"column":5}},"line":48},"5":{"name":"(anonymous_5)","decl":{"start":{"line":66,"column":34},"end":{"line":66,"column":35}},"loc":{"start":{"line":66,"column":41},"end":{"line":66,"column":77}},"line":66},"6":{"name":"(anonymous_6)","decl":{"start":{"line":71,"column":37},"end":{"line":71,"column":38}},"loc":{"start":{"line":71,"column":49},"end":{"line":80,"column":29}},"line":71},"7":{"name":"(anonymous_7)","decl":{"start":{"line":85,"column":37},"end":{"line":85,"column":38}},"loc":{"start":{"line":85,"column":43},"end":{"line":88,"column":29}},"line":85},"8":{"name":"(anonymous_8)","decl":{"start":{"line":148,"column":33},"end":{"line":148,"column":34}},"loc":{"start":{"line":148,"column":39},"end":{"line":152,"column":25}},"line":148},"9":{"name":"(anonymous_9)","decl":{"start":{"line":150,"column":44},"end":{"line":150,"column":45}},"loc":{"start":{"line":150,"column":52},"end":{"line":150,"column":57}},"line":150},"10":{"name":"(anonymous_10)","decl":{"start":{"line":158,"column":37},"end":{"line":158,"column":38}},"loc":{"start":{"line":158,"column":43},"end":{"line":158,"column":66}},"line":158},"11":{"name":"(anonymous_11)","decl":{"start":{"line":179,"column":23},"end":{"line":179,"column":24}},"loc":{"start":{"line":179,"column":37},"end":{"line":185,"column":1}},"line":179}},"branchMap":{"0":{"loc":{"start":{"line":20,"column":18},"end":{"line":20,"column":63}},"type":"binary-expr","locations":[{"start":{"line":20,"column":18},"end":{"line":20,"column":31}},{"start":{"line":20,"column":35},"end":{"line":20,"column":63}}],"line":20},"1":{"loc":{"start":{"line":27,"column":8},"end":{"line":27,"column":50}},"type":"if","locations":[{"start":{"line":27,"column":8},"end":{"line":27,"column":50}},{"start":{},"end":{}}],"line":27},"2":{"loc":{"start":{"line":27,"column":12},"end":{"line":27,"column":36}},"type":"binary-expr","locations":[{"start":{"line":27,"column":12},"end":{"line":27,"column":21}},{"start":{"line":27,"column":25},"end":{"line":27,"column":36}}],"line":27},"3":{"loc":{"start":{"line":49,"column":8},"end":{"line":49,"column":41}},"type":"if","locations":[{"start":{"line":49,"column":8},"end":{"line":49,"column":41}},{"start":{},"end":{}}],"line":49},"4":{"loc":{"start":{"line":136,"column":54},"end":{"line":136,"column":109}},"type":"cond-expr","locations":[{"start":{"line":136,"column":89},"end":{"line":136,"column":104}},{"start":{"line":136,"column":107},"end":{"line":136,"column":109}}],"line":136},"5":{"loc":{"start":{"line":144,"column":13},"end":{"line":170,"column":13}},"type":"binary-expr","locations":[{"start":{"line":144,"column":14},"end":{"line":144,"column":53}},{"start":{"line":144,"column":57},"end":{"line":144,"column":92}},{"start":{"line":145,"column":16},"end":{"line":169,"column":22}}],"line":144},"6":{"loc":{"start":{"line":149,"column":28},"end":{"line":151,"column":29}},"type":"if","locations":[{"start":{"line":149,"column":28},"end":{"line":151,"column":29}},{"start":{},"end":{}}],"line":149},"7":{"loc":{"start":{"line":153,"column":25},"end":{"line":153,"column":62}},"type":"cond-expr","locations":[{"start":{"line":153,"column":36},"end":{"line":153,"column":48}},{"start":{"line":153,"column":51},"end":{"line":153,"column":62}}],"line":153},"8":{"loc":{"start":{"line":155,"column":21},"end":{"line":162,"column":21}},"type":"binary-expr","locations":[{"start":{"line":155,"column":21},"end":{"line":155,"column":60}},{"start":{"line":156,"column":24},"end":{"line":161,"column":33}}],"line":155},"9":{"loc":{"start":{"line":164,"column":54},"end":{"line":164,"column":83}},"type":"cond-expr","locations":[{"start":{"line":164,"column":69},"end":{"line":164,"column":78}},{"start":{"line":164,"column":81},"end":{"line":164,"column":83}}],"line":164},"10":{"loc":{"start":{"line":167,"column":25},"end":{"line":167,"column":76}},"type":"cond-expr","locations":[{"start":{"line":167,"column":40},"end":{"line":167,"column":55}},{"start":{"line":167,"column":58},"end":{"line":167,"column":76}}],"line":167},"11":{"loc":{"start":{"line":184,"column":11},"end":{"line":184,"column":41}},"type":"binary-expr","locations":[{"start":{"line":184,"column":11},"end":{"line":184,"column":24}},{"start":{"line":184,"column":28},"end":{"line":184,"column":41}}],"line":184}},"s":{"0":1,"1":0,"2":0,"3":0,"4":0,"5":0,"6":0,"7":0,"8":0,"9":0,"10":0,"11":0,"12":0,"13":0,"14":0,"15":0,"16":0,"17":0,"18":0,"19":0,"20":0,"21":0,"22":0,"23":0,"24":0,"25":0,"26":0,"27":0,"28":0,"29":0,"30":0,"31":0,"32":0,"33":0,"34":0,"35":1,"36":0,"37":0,"38":0,"39":0,"40":0},"f":{"0":0,"1":0,"2":0,"3":0,"4":0,"5":0,"6":0,"7":0,"8":0,"9":0,"10":0,"11":0},"b":{"0":[0,0],"1":[0,0],"2":[0,0],"3":[0,0],"4":[0,0],"5":[0,0,0],"6":[0,0],"7":[0,0],"8":[0,0],"9":[0,0],"10":[0,0],"11":[0,0]},"_coverageSchema":"1a1c01bbd47fc00a2c39e90264f33305004495a9","hash":"08a272114ebcaded7d81aac473e04b48a34eced8"}
,"/Users/konstantinospapadogiannes/Desktop/FreelanceV2.00/Freelance/frontend/src/components/FreelancerSearchComponent.jsx": {"path":"/Users/konstantinospapadogiannes/Desktop/FreelanceV2.00/Freelance/frontend/src/components/FreelancerSearchComponent.jsx","statementMap":{"0":{"start":{"line":5,"column":34},"end":{"line":56,"column":1}},"1":{"start":{"line":6,"column":30},"end":{"line":6,"column":42}},"2":{"start":{"line":7,"column":34},"end":{"line":7,"column":49}},"3":{"start":{"line":8,"column":30},"end":{"line":8,"column":44}},"4":{"start":{"line":10,"column":25},"end":{"line":35,"column":5}},"5":{"start":{"line":11,"column":8},"end":{"line":11,"column":27}},"6":{"start":{"line":12,"column":8},"end":{"line":12,"column":25}},"7":{"start":{"line":13,"column":8},"end":{"line":13,"column":23}},"8":{"start":{"line":15,"column":8},"end":{"line":19,"column":9}},"9":{"start":{"line":16,"column":12},"end":{"line":16,"column":60}},"10":{"start":{"line":17,"column":12},"end":{"line":17,"column":30}},"11":{"start":{"line":18,"column":12},"end":{"line":18,"column":19}},"12":{"start":{"line":21,"column":8},"end":{"line":34,"column":9}},"13":{"start":{"line":22,"column":27},"end":{"line":22,"column":61}},"14":{"start":{"line":23,"column":12},"end":{"line":28,"column":13}},"15":{"start":{"line":24,"column":16},"end":{"line":24,"column":42}},"16":{"start":{"line":26,"column":16},"end":{"line":26,"column":65}},"17":{"start":{"line":27,"column":16},"end":{"line":27,"column":37}},"18":{"start":{"line":30,"column":12},"end":{"line":30,"column":73}},"19":{"start":{"line":31,"column":12},"end":{"line":31,"column":33}},"20":{"start":{"line":33,"column":12},"end":{"line":33,"column":30}},"21":{"start":{"line":37,"column":4},"end":{"line":55,"column":6}},"22":{"start":{"line":45,"column":37},"end":{"line":45,"column":61}}},"fnMap":{"0":{"name":"(anonymous_0)","decl":{"start":{"line":5,"column":34},"end":{"line":5,"column":35}},"loc":{"start":{"line":5,"column":58},"end":{"line":56,"column":1}},"line":5},"1":{"name":"(anonymous_1)","decl":{"start":{"line":10,"column":25},"end":{"line":10,"column":26}},"loc":{"start":{"line":10,"column":38},"end":{"line":35,"column":5}},"line":10},"2":{"name":"(anonymous_2)","decl":{"start":{"line":45,"column":30},"end":{"line":45,"column":31}},"loc":{"start":{"line":45,"column":37},"end":{"line":45,"column":61}},"line":45}},"branchMap":{"0":{"loc":{"start":{"line":15,"column":8},"end":{"line":19,"column":9}},"type":"if","locations":[{"start":{"line":15,"column":8},"end":{"line":19,"column":9}},{"start":{},"end":{}}],"line":15},"1":{"loc":{"start":{"line":23,"column":12},"end":{"line":28,"column":13}},"type":"if","locations":[{"start":{"line":23,"column":12},"end":{"line":28,"column":13}},{"start":{"line":25,"column":19},"end":{"line":28,"column":13}}],"line":23},"2":{"loc":{"start":{"line":53,"column":13},"end":{"line":53,"column":66}},"type":"binary-expr","locations":[{"start":{"line":53,"column":13},"end":{"line":53,"column":18}},{"start":{"line":53,"column":22},"end":{"line":53,"column":66}}],"line":53}},"s":{"0":1,"1":0,"2":0,"3":0,"4":0,"5":0,"6":0,"7":0,"8":0,"9":0,"10":0,"11":0,"12":0,"13":0,"14":0,"15":0,"16":0,"17":0,"18":0,"19":0,"20":0,"21":0,"22":0},"f":{"0":0,"1":0,"2":0},"b":{"0":[0,0],"1":[0,0],"2":[0,0]},"_coverageSchema":"1a1c01bbd47fc00a2c39e90264f33305004495a9","hash":"0371bd374412436ab6b8b8d559b74606e6dcce7a"}
,"/Users/konstantinospapadogiannes/Desktop/FreelanceV2.00/Freelance/frontend/src/components/Header.jsx": {"path":"/Users/konstantinospapadogiannes/Desktop/FreelanceV2.00/Freelance/frontend/src/components/Header.jsx","statementMap":{"0":{"start":{"line":15,"column":15},"end":{"line":189,"column":1}},"1":{"start":{"line":16,"column":54},"end":{"line":16,"column":69}},"2":{"start":{"line":17,"column":46},"end":{"line":17,"column":58}},"3":{"start":{"line":18,"column":42},"end":{"line":18,"column":53}},"4":{"start":{"line":19,"column":34},"end":{"line":19,"column":49}},"5":{"start":{"line":20,"column":30},"end":{"line":20,"column":44}},"6":{"start":{"line":22,"column":4},"end":{"line":41,"column":28}},"7":{"start":{"line":24,"column":8},"end":{"line":24,"column":29}},"8":{"start":{"line":25,"column":8},"end":{"line":25,"column":27}},"9":{"start":{"line":29,"column":8},"end":{"line":34,"column":9}},"10":{"start":{"line":30,"column":12},"end":{"line":33,"column":22}},"11":{"start":{"line":31,"column":12},"end":{"line":31,"column":33}},"12":{"start":{"line":32,"column":12},"end":{"line":32,"column":31}},"13":{"start":{"line":36,"column":8},"end":{"line":40,"column":10}},"14":{"start":{"line":37,"column":12},"end":{"line":39,"column":13}},"15":{"start":{"line":38,"column":16},"end":{"line":38,"column":40}},"16":{"start":{"line":43,"column":31},"end":{"line":64,"column":5}},"17":{"start":{"line":44,"column":8},"end":{"line":63,"column":9}},"18":{"start":{"line":45,"column":12},"end":{"line":45,"column":29}},"19":{"start":{"line":46,"column":12},"end":{"line":46,"column":27}},"20":{"start":{"line":47,"column":25},"end":{"line":47,"column":49}},"21":{"start":{"line":48,"column":12},"end":{"line":48,"column":57}},"22":{"start":{"line":51,"column":12},"end":{"line":56,"column":13}},"23":{"start":{"line":52,"column":16},"end":{"line":52,"column":39}},"24":{"start":{"line":54,"column":16},"end":{"line":54,"column":74}},"25":{"start":{"line":55,"column":16},"end":{"line":55,"column":37}},"26":{"start":{"line":58,"column":12},"end":{"line":58,"column":66}},"27":{"start":{"line":59,"column":12},"end":{"line":59,"column":53}},"28":{"start":{"line":60,"column":12},"end":{"line":60,"column":33}},"29":{"start":{"line":62,"column":12},"end":{"line":62,"column":30}},"30":{"start":{"line":66,"column":29},"end":{"line":82,"column":5}},"31":{"start":{"line":67,"column":8},"end":{"line":81,"column":9}},"32":{"start":{"line":68,"column":26},"end":{"line":68,"column":48}},"33":{"start":{"line":69,"column":12},"end":{"line":69,"column":57}},"34":{"start":{"line":72,"column":12},"end":{"line":77,"column":13}},"35":{"start":{"line":73,"column":16},"end":{"line":73,"column":38}},"36":{"start":{"line":75,"column":16},"end":{"line":75,"column":69}},"37":{"start":{"line":76,"column":16},"end":{"line":76,"column":34}},"38":{"start":{"line":79,"column":12},"end":{"line":79,"column":65}},"39":{"start":{"line":80,"column":12},"end":{"line":80,"column":30}},"40":{"start":{"line":84,"column":29},"end":{"line":103,"column":5}},"41":{"start":{"line":85,"column":8},"end":{"line":102,"column":9}},"42":{"start":{"line":86,"column":28},"end":{"line":86,"column":60}},"43":{"start":{"line":87,"column":12},"end":{"line":98,"column":13}},"44":{"start":{"line":89,"column":16},"end":{"line":95,"column":18}},"45":{"start":{"line":90,"column":20},"end":{"line":94,"column":21}},"46":{"start":{"line":91,"column":24},"end":{"line":93,"column":35}},"47":{"start":{"line":97,"column":12},"end":{"line":97,"column":37}},"48":{"start":{"line":100,"column":12},"end":{"line":100,"column":72}},"49":{"start":{"line":101,"column":12},"end":{"line":101,"column":60}},"50":{"start":{"line":105,"column":32},"end":{"line":119,"column":5}},"51":{"start":{"line":106,"column":8},"end":{"line":118,"column":9}},"52":{"start":{"line":107,"column":28},"end":{"line":107,"column":49}},"53":{"start":{"line":108,"column":12},"end":{"line":114,"column":13}},"54":{"start":{"line":110,"column":16},"end":{"line":112,"column":18}},"55":{"start":{"line":111,"column":20},"end":{"line":111,"column":65}},"56":{"start":{"line":111,"column":39},"end":{"line":111,"column":63}},"57":{"start":{"line":113,"column":16},"end":{"line":113,"column":34}},"58":{"start":{"line":116,"column":12},"end":{"line":116,"column":77}},"59":{"start":{"line":117,"column":12},"end":{"line":117,"column":65}},"60":{"start":{"line":121,"column":37},"end":{"line":128,"column":5}},"61":{"start":{"line":122,"column":8},"end":{"line":122,"column":49}},"62":{"start":{"line":124,"column":8},"end":{"line":127,"column":9}},"63":{"start":{"line":125,"column":12},"end":{"line":125,"column":33}},"64":{"start":{"line":126,"column":12},"end":{"line":126,"column":31}},"65":{"start":{"line":130,"column":37},"end":{"line":135,"column":5}},"66":{"start":{"line":131,"column":8},"end":{"line":131,"column":36}},"67":{"start":{"line":133,"column":8},"end":{"line":133,"column":29}},"68":{"start":{"line":134,"column":8},"end":{"line":134,"column":27}},"69":{"start":{"line":137,"column":4},"end":{"line":188,"column":6}},"70":{"start":{"line":152,"column":28},"end":{"line":158,"column":33}}},"fnMap":{"0":{"name":"(anonymous_0)","decl":{"start":{"line":15,"column":15},"end":{"line":15,"column":16}},"loc":{"start":{"line":15,"column":76},"end":{"line":189,"column":1}},"line":15},"1":{"name":"(anonymous_1)","decl":{"start":{"line":22,"column":14},"end":{"line":22,"column":15}},"loc":{"start":{"line":22,"column":20},"end":{"line":41,"column":5}},"line":22},"2":{"name":"(anonymous_2)","decl":{"start":{"line":30,"column":35},"end":{"line":30,"column":36}},"loc":{"start":{"line":30,"column":41},"end":{"line":33,"column":13}},"line":30},"3":{"name":"(anonymous_3)","decl":{"start":{"line":36,"column":15},"end":{"line":36,"column":16}},"loc":{"start":{"line":36,"column":21},"end":{"line":40,"column":9}},"line":36},"4":{"name":"(anonymous_4)","decl":{"start":{"line":43,"column":31},"end":{"line":43,"column":32}},"loc":{"start":{"line":43,"column":43},"end":{"line":64,"column":5}},"line":43},"5":{"name":"(anonymous_5)","decl":{"start":{"line":66,"column":29},"end":{"line":66,"column":30}},"loc":{"start":{"line":66,"column":41},"end":{"line":82,"column":5}},"line":66},"6":{"name":"(anonymous_6)","decl":{"start":{"line":84,"column":29},"end":{"line":84,"column":30}},"loc":{"start":{"line":84,"column":55},"end":{"line":103,"column":5}},"line":84},"7":{"name":"(anonymous_7)","decl":{"start":{"line":89,"column":33},"end":{"line":89,"column":34}},"loc":{"start":{"line":90,"column":20},"end":{"line":94,"column":21}},"line":90},"8":{"name":"(anonymous_8)","decl":{"start":{"line":90,"column":29},"end":{"line":90,"column":30}},"loc":{"start":{"line":91,"column":24},"end":{"line":93,"column":35}},"line":91},"9":{"name":"(anonymous_9)","decl":{"start":{"line":105,"column":32},"end":{"line":105,"column":33}},"loc":{"start":{"line":105,"column":44},"end":{"line":119,"column":5}},"line":105},"10":{"name":"(anonymous_10)","decl":{"start":{"line":110,"column":33},"end":{"line":110,"column":34}},"loc":{"start":{"line":111,"column":20},"end":{"line":111,"column":65}},"line":111},"11":{"name":"(anonymous_11)","decl":{"start":{"line":111,"column":29},"end":{"line":111,"column":30}},"loc":{"start":{"line":111,"column":39},"end":{"line":111,"column":63}},"line":111},"12":{"name":"(anonymous_12)","decl":{"start":{"line":121,"column":37},"end":{"line":121,"column":38}},"loc":{"start":{"line":121,"column":43},"end":{"line":128,"column":5}},"line":121},"13":{"name":"(anonymous_13)","decl":{"start":{"line":130,"column":37},"end":{"line":130,"column":38}},"loc":{"start":{"line":130,"column":43},"end":{"line":135,"column":5}},"line":130},"14":{"name":"(anonymous_14)","decl":{"start":{"line":151,"column":41},"end":{"line":151,"column":42}},"loc":{"start":{"line":152,"column":28},"end":{"line":158,"column":33}},"line":152}},"branchMap":{"0":{"loc":{"start":{"line":29,"column":8},"end":{"line":34,"column":9}},"type":"if","locations":[{"start":{"line":29,"column":8},"end":{"line":34,"column":9}},{"start":{},"end":{}}],"line":29},"1":{"loc":{"start":{"line":37,"column":12},"end":{"line":39,"column":13}},"type":"if","locations":[{"start":{"line":37,"column":12},"end":{"line":39,"column":13}},{"start":{},"end":{}}],"line":37},"2":{"loc":{"start":{"line":51,"column":12},"end":{"line":56,"column":13}},"type":"if","locations":[{"start":{"line":51,"column":12},"end":{"line":56,"column":13}},{"start":{"line":53,"column":19},"end":{"line":56,"column":13}}],"line":51},"3":{"loc":{"start":{"line":72,"column":12},"end":{"line":77,"column":13}},"type":"if","locations":[{"start":{"line":72,"column":12},"end":{"line":77,"column":13}},{"start":{"line":74,"column":19},"end":{"line":77,"column":13}}],"line":72},"4":{"loc":{"start":{"line":87,"column":12},"end":{"line":98,"column":13}},"type":"if","locations":[{"start":{"line":87,"column":12},"end":{"line":98,"column":13}},{"start":{},"end":{}}],"line":87},"5":{"loc":{"start":{"line":91,"column":24},"end":{"line":93,"column":35}},"type":"cond-expr","locations":[{"start":{"line":92,"column":30},"end":{"line":92,"column":54}},{"start":{"line":93,"column":30},"end":{"line":93,"column":35}}],"line":91},"6":{"loc":{"start":{"line":108,"column":12},"end":{"line":114,"column":13}},"type":"if","locations":[{"start":{"line":108,"column":12},"end":{"line":114,"column":13}},{"start":{},"end":{}}],"line":108},"7":{"loc":{"start":{"line":124,"column":8},"end":{"line":127,"column":9}},"type":"if","locations":[{"start":{"line":124,"column":8},"end":{"line":127,"column":9}},{"start":{},"end":{}}],"line":124},"8":{"loc":{"start":{"line":172,"column":25},"end":{"line":172,"column":44}},"type":"binary-expr","locations":[{"start":{"line":172,"column":25},"end":{"line":172,"column":33}},{"start":{"line":172,"column":37},"end":{"line":172,"column":44}}],"line":172},"9":{"loc":{"start":{"line":177,"column":13},"end":{"line":186,"column":13}},"type":"binary-expr","locations":[{"start":{"line":177,"column":13},"end":{"line":177,"column":30}},{"start":{"line":178,"column":16},"end":{"line":185,"column":18}}],"line":177}},"s":{"0":2,"1":18,"2":18,"3":18,"4":18,"5":18,"6":18,"7":9,"8":9,"9":9,"10":9,"11":0,"12":0,"13":9,"14":9,"15":9,"16":18,"17":9,"18":9,"19":9,"20":9,"21":9,"22":9,"23":0,"24":9,"25":9,"26":0,"27":0,"28":0,"29":9,"30":18,"31":9,"32":9,"33":9,"34":9,"35":0,"36":9,"37":9,"38":0,"39":0,"40":18,"41":0,"42":0,"43":0,"44":0,"45":0,"46":0,"47":0,"48":0,"49":0,"50":18,"51":0,"52":0,"53":0,"54":0,"55":0,"56":0,"57":0,"58":0,"59":0,"60":18,"61":0,"62":0,"63":0,"64":0,"65":18,"66":0,"67":0,"68":0,"69":18,"70":48},"f":{"0":18,"1":9,"2":0,"3":9,"4":9,"5":9,"6":0,"7":0,"8":0,"9":0,"10":0,"11":0,"12":0,"13":0,"14":48},"b":{"0":[9,0],"1":[9,0],"2":[0,9],"3":[0,9],"4":[0,0],"5":[0,0],"6":[0,0],"7":[0,0],"8":[18,4],"9":[18,0]},"_coverageSchema":"1a1c01bbd47fc00a2c39e90264f33305004495a9","hash":"45b3b92e88a3781cc489488897a3533e01d8dfbe"}
,"/Users/konstantinospapadogiannes/Desktop/FreelanceV2.00/Freelance/frontend/src/components/NotificationIcon.jsx": {"path":"/Users/konstantinospapadogiannes/Desktop/FreelanceV2.00/Freelance/frontend/src/components/NotificationIcon.jsx","statementMap":{"0":{"start":{"line":5,"column":25},"end":{"line":16,"column":1}},"1":{"start":{"line":6,"column":4},"end":{"line":15,"column":6}}},"fnMap":{"0":{"name":"(anonymous_0)","decl":{"start":{"line":5,"column":25},"end":{"line":5,"column":26}},"loc":{"start":{"line":5,"column":55},"end":{"line":16,"column":1}},"line":5}},"branchMap":{"0":{"loc":{"start":{"line":9,"column":13},"end":{"line":13,"column":13}},"type":"binary-expr","locations":[{"start":{"line":9,"column":13},"end":{"line":9,"column":28}},{"start":{"line":10,"column":16},"end":{"line":12,"column":23}}],"line":9},"1":{"loc":{"start":{"line":11,"column":21},"end":{"line":11,"column":59}},"type":"cond-expr","locations":[{"start":{"line":11,"column":40},"end":{"line":11,"column":45}},{"start":{"line":11,"column":48},"end":{"line":11,"column":59}}],"line":11}},"s":{"0":2,"1":18},"f":{"0":18},"b":{"0":[18,0],"1":[0,0]},"_coverageSchema":"1a1c01bbd47fc00a2c39e90264f33305004495a9","hash":"96bd4bc4f992ca9272fa1bd964f5620c08426d93"}
,"/Users/konstantinospapadogiannes/Desktop/FreelanceV2.00/Freelance/frontend/src/components/NotificationPanel.jsx": {"path":"/Users/konstantinospapadogiannes/Desktop/FreelanceV2.00/Freelance/frontend/src/components/NotificationPanel.jsx","statementMap":{"0":{"start":{"line":5,"column":26},"end":{"line":109,"column":1}},"1":{"start":{"line":7,"column":32},"end":{"line":24,"column":5}},"2":{"start":{"line":8,"column":8},"end":{"line":23,"column":9}},"3":{"start":{"line":10,"column":16},"end":{"line":10,"column":38}},"4":{"start":{"line":12,"column":16},"end":{"line":12,"column":35}},"5":{"start":{"line":14,"column":16},"end":{"line":14,"column":49}},"6":{"start":{"line":16,"column":16},"end":{"line":16,"column":35}},"7":{"start":{"line":18,"column":16},"end":{"line":18,"column":38}},"8":{"start":{"line":20,"column":16},"end":{"line":20,"column":34}},"9":{"start":{"line":22,"column":16},"end":{"line":22,"column":34}},"10":{"start":{"line":26,"column":29},"end":{"line":33,"column":5}},"11":{"start":{"line":27,"column":8},"end":{"line":27,"column":32}},"12":{"start":{"line":28,"column":8},"end":{"line":32,"column":9}},"13":{"start":{"line":29,"column":12},"end":{"line":29,"column":47}},"14":{"start":{"line":31,"column":12},"end":{"line":31,"column":73}},"15":{"start":{"line":35,"column":32},"end":{"line":42,"column":5}},"16":{"start":{"line":36,"column":8},"end":{"line":36,"column":32}},"17":{"start":{"line":37,"column":8},"end":{"line":41,"column":9}},"18":{"start":{"line":38,"column":12},"end":{"line":38,"column":36}},"19":{"start":{"line":40,"column":12},"end":{"line":40,"column":78}},"20":{"start":{"line":44,"column":24},"end":{"line":47,"column":5}},"21":{"start":{"line":45,"column":8},"end":{"line":45,"column":32}},"22":{"start":{"line":46,"column":8},"end":{"line":46,"column":18}},"23":{"start":{"line":50,"column":30},"end":{"line":50,"column":79}},"24":{"start":{"line":51,"column":35},"end":{"line":51,"column":79}},"25":{"start":{"line":51,"column":67},"end":{"line":51,"column":78}},"26":{"start":{"line":53,"column":4},"end":{"line":108,"column":6}},"27":{"start":{"line":54,"column":60},"end":{"line":54,"column":79}},"28":{"start":{"line":90,"column":24},"end":{"line":102,"column":30}},"29":{"start":{"line":93,"column":48},"end":{"line":93,"column":84}}},"fnMap":{"0":{"name":"(anonymous_0)","decl":{"start":{"line":5,"column":26},"end":{"line":5,"column":27}},"loc":{"start":{"line":5,"column":105},"end":{"line":109,"column":1}},"line":5},"1":{"name":"(anonymous_1)","decl":{"start":{"line":7,"column":32},"end":{"line":7,"column":33}},"loc":{"start":{"line":7,"column":42},"end":{"line":24,"column":5}},"line":7},"2":{"name":"(anonymous_2)","decl":{"start":{"line":26,"column":29},"end":{"line":26,"column":30}},"loc":{"start":{"line":26,"column":62},"end":{"line":33,"column":5}},"line":26},"3":{"name":"(anonymous_3)","decl":{"start":{"line":35,"column":32},"end":{"line":35,"column":33}},"loc":{"start":{"line":35,"column":49},"end":{"line":42,"column":5}},"line":35},"4":{"name":"(anonymous_4)","decl":{"start":{"line":44,"column":24},"end":{"line":44,"column":25}},"loc":{"start":{"line":44,"column":35},"end":{"line":47,"column":5}},"line":44},"5":{"name":"(anonymous_5)","decl":{"start":{"line":51,"column":58},"end":{"line":51,"column":59}},"loc":{"start":{"line":51,"column":67},"end":{"line":51,"column":78}},"line":51},"6":{"name":"(anonymous_6)","decl":{"start":{"line":54,"column":53},"end":{"line":54,"column":54}},"loc":{"start":{"line":54,"column":60},"end":{"line":54,"column":79}},"line":54},"7":{"name":"(anonymous_7)","decl":{"start":{"line":89,"column":46},"end":{"line":89,"column":47}},"loc":{"start":{"line":90,"column":24},"end":{"line":102,"column":30}},"line":90},"8":{"name":"(anonymous_8)","decl":{"start":{"line":93,"column":41},"end":{"line":93,"column":42}},"loc":{"start":{"line":93,"column":48},"end":{"line":93,"column":84}},"line":93}},"branchMap":{"0":{"loc":{"start":{"line":8,"column":8},"end":{"line":23,"column":9}},"type":"switch","locations":[{"start":{"line":9,"column":12},"end":{"line":10,"column":38}},{"start":{"line":11,"column":12},"end":{"line":12,"column":35}},{"start":{"line":13,"column":12},"end":{"line":14,"column":49}},{"start":{"line":15,"column":12},"end":{"line":16,"column":35}},{"start":{"line":17,"column":12},"end":{"line":18,"column":38}},{"start":{"line":19,"column":12},"end":{"line":20,"column":34}},{"start":{"line":21,"column":12},"end":{"line":22,"column":34}}],"line":8},"1":{"loc":{"start":{"line":50,"column":30},"end":{"line":50,"column":79}},"type":"cond-expr","locations":[{"start":{"line":50,"column":61},"end":{"line":50,"column":74}},{"start":{"line":50,"column":77},"end":{"line":50,"column":79}}],"line":50},"2":{"loc":{"start":{"line":58,"column":21},"end":{"line":62,"column":21}},"type":"binary-expr","locations":[{"start":{"line":58,"column":21},"end":{"line":58,"column":43}},{"start":{"line":58,"column":47},"end":{"line":58,"column":55}},{"start":{"line":59,"column":24},"end":{"line":61,"column":33}}],"line":58},"3":{"loc":{"start":{"line":69,"column":17},"end":{"line":73,"column":17}},"type":"binary-expr","locations":[{"start":{"line":69,"column":17},"end":{"line":69,"column":24}},{"start":{"line":70,"column":16},"end":{"line":72,"column":22}}],"line":69},"4":{"loc":{"start":{"line":75,"column":17},"end":{"line":79,"column":17}},"type":"binary-expr","locations":[{"start":{"line":75,"column":17},"end":{"line":75,"column":22}},{"start":{"line":76,"column":16},"end":{"line":78,"column":26}}],"line":75},"5":{"loc":{"start":{"line":81,"column":13},"end":{"line":106,"column":13}},"type":"binary-expr","locations":[{"start":{"line":81,"column":13},"end":{"line":81,"column":21}},{"start":{"line":81,"column":25},"end":{"line":81,"column":31}},{"start":{"line":82,"column":16},"end":{"line":105,"column":18}}],"line":81},"6":{"loc":{"start":{"line":83,"column":21},"end":{"line":104,"column":17}},"type":"cond-expr","locations":[{"start":{"line":84,"column":20},"end":{"line":87,"column":26}},{"start":{"line":89,"column":24},"end":{"line":103,"column":22}}],"line":83},"7":{"loc":{"start":{"line":92,"column":60},"end":{"line":92,"column":94}},"type":"cond-expr","locations":[{"start":{"line":92,"column":81},"end":{"line":92,"column":89}},{"start":{"line":92,"column":92},"end":{"line":92,"column":94}}],"line":92}},"s":{"0":2,"1":0,"2":0,"3":0,"4":0,"5":0,"6":0,"7":0,"8":0,"9":0,"10":0,"11":0,"12":0,"13":0,"14":0,"15":0,"16":0,"17":0,"18":0,"19":0,"20":0,"21":0,"22":0,"23":0,"24":0,"25":0,"26":0,"27":0,"28":0,"29":0},"f":{"0":0,"1":0,"2":0,"3":0,"4":0,"5":0,"6":0,"7":0,"8":0},"b":{"0":[0,0,0,0,0,0,0],"1":[0,0],"2":[0,0,0],"3":[0,0],"4":[0,0],"5":[0,0,0],"6":[0,0],"7":[0,0]},"_coverageSchema":"1a1c01bbd47fc00a2c39e90264f33305004495a9","hash":"b22e1c6faabfe29e2286c591b64c846deac0c9ac"}
,"/Users/konstantinospapadogiannes/Desktop/FreelanceV2.00/Freelance/frontend/src/components/PrivateRoute.jsx": {"path":"/Users/konstantinospapadogiannes/Desktop/FreelanceV2.00/Freelance/frontend/src/components/PrivateRoute.jsx","statementMap":{"0":{"start":{"line":8,"column":28},"end":{"line":35,"column":1}},"1":{"start":{"line":9,"column":18},"end":{"line":9,"column":47}},"2":{"start":{"line":11,"column":4},"end":{"line":14,"column":5}},"3":{"start":{"line":13,"column":8},"end":{"line":13,"column":40}},"4":{"start":{"line":16,"column":4},"end":{"line":34,"column":5}},"5":{"start":{"line":18,"column":24},"end":{"line":18,"column":40}},"6":{"start":{"line":21,"column":8},"end":{"line":23,"column":9}},"7":{"start":{"line":22,"column":12},"end":{"line":22,"column":39}},"8":{"start":{"line":25,"column":8},"end":{"line":28,"column":9}},"9":{"start":{"line":27,"column":12},"end":{"line":27,"column":30}},"10":{"start":{"line":30,"column":8},"end":{"line":30,"column":24}},"11":{"start":{"line":32,"column":8},"end":{"line":32,"column":45}},"12":{"start":{"line":33,"column":8},"end":{"line":33,"column":40}}},"fnMap":{"0":{"name":"(anonymous_0)","decl":{"start":{"line":8,"column":28},"end":{"line":8,"column":29}},"loc":{"start":{"line":8,"column":52},"end":{"line":35,"column":1}},"line":8}},"branchMap":{"0":{"loc":{"start":{"line":11,"column":4},"end":{"line":14,"column":5}},"type":"if","locations":[{"start":{"line":11,"column":4},"end":{"line":14,"column":5}},{"start":{},"end":{}}],"line":11},"1":{"loc":{"start":{"line":21,"column":8},"end":{"line":23,"column":9}},"type":"if","locations":[{"start":{"line":21,"column":8},"end":{"line":23,"column":9}},{"start":{},"end":{}}],"line":21},"2":{"loc":{"start":{"line":21,"column":12},"end":{"line":21,"column":41}},"type":"binary-expr","locations":[{"start":{"line":21,"column":12},"end":{"line":21,"column":16}},{"start":{"line":21,"column":20},"end":{"line":21,"column":41}}],"line":21},"3":{"loc":{"start":{"line":25,"column":8},"end":{"line":28,"column":9}},"type":"if","locations":[{"start":{"line":25,"column":8},"end":{"line":28,"column":9}},{"start":{},"end":{}}],"line":25}},"s":{"0":1,"1":0,"2":0,"3":0,"4":0,"5":0,"6":0,"7":0,"8":0,"9":0,"10":0,"11":0,"12":0},"f":{"0":0},"b":{"0":[0,0],"1":[0,0],"2":[0,0],"3":[0,0]},"_coverageSchema":"1a1c01bbd47fc00a2c39e90264f33305004495a9","hash":"922c368db65600e522444c4a214122114875190c"}
,"/Users/konstantinospapadogiannes/Desktop/FreelanceV2.00/Freelance/frontend/src/components/ProjectCard.jsx": {"path":"/Users/konstantinospapadogiannes/Desktop/FreelanceV2.00/Freelance/frontend/src/components/ProjectCard.jsx","statementMap":{"0":{"start":{"line":6,"column":20},"end":{"line":86,"column":1}},"1":{"start":{"line":7,"column":44},"end":{"line":7,"column":59}},"2":{"start":{"line":9,"column":25},"end":{"line":34,"column":5}},"3":{"start":{"line":10,"column":8},"end":{"line":33,"column":9}},"4":{"start":{"line":11,"column":12},"end":{"line":11,"column":34}},"5":{"start":{"line":12,"column":12},"end":{"line":28,"column":13}},"6":{"start":{"line":13,"column":16},"end":{"line":13,"column":44}},"7":{"start":{"line":14,"column":16},"end":{"line":19,"column":19}},"8":{"start":{"line":17,"column":24},"end":{"line":17,"column":83}},"9":{"start":{"line":21,"column":16},"end":{"line":21,"column":41}},"10":{"start":{"line":22,"column":16},"end":{"line":27,"column":19}},"11":{"start":{"line":25,"column":24},"end":{"line":25,"column":81}},"12":{"start":{"line":30,"column":12},"end":{"line":30,"column":62}},"13":{"start":{"line":32,"column":12},"end":{"line":32,"column":35}},"14":{"start":{"line":36,"column":4},"end":{"line":85,"column":6}},"15":{"start":{"line":70,"column":39},"end":{"line":70,"column":62}},"16":{"start":{"line":77,"column":39},"end":{"line":77,"column":59}}},"fnMap":{"0":{"name":"(anonymous_0)","decl":{"start":{"line":6,"column":20},"end":{"line":6,"column":21}},"loc":{"start":{"line":6,"column":80},"end":{"line":86,"column":1}},"line":6},"1":{"name":"(anonymous_1)","decl":{"start":{"line":9,"column":25},"end":{"line":9,"column":26}},"loc":{"start":{"line":9,"column":43},"end":{"line":34,"column":5}},"line":9},"2":{"name":"(anonymous_2)","decl":{"start":{"line":16,"column":46},"end":{"line":16,"column":47}},"loc":{"start":{"line":17,"column":24},"end":{"line":17,"column":83}},"line":17},"3":{"name":"(anonymous_3)","decl":{"start":{"line":24,"column":46},"end":{"line":24,"column":47}},"loc":{"start":{"line":25,"column":24},"end":{"line":25,"column":81}},"line":25},"4":{"name":"(anonymous_4)","decl":{"start":{"line":70,"column":33},"end":{"line":70,"column":34}},"loc":{"start":{"line":70,"column":39},"end":{"line":70,"column":62}},"line":70},"5":{"name":"(anonymous_5)","decl":{"start":{"line":77,"column":33},"end":{"line":77,"column":34}},"loc":{"start":{"line":77,"column":39},"end":{"line":77,"column":59}},"line":77}},"branchMap":{"0":{"loc":{"start":{"line":12,"column":12},"end":{"line":28,"column":13}},"type":"if","locations":[{"start":{"line":12,"column":12},"end":{"line":28,"column":13}},{"start":{"line":20,"column":19},"end":{"line":28,"column":13}}],"line":12},"1":{"loc":{"start":{"line":17,"column":24},"end":{"line":17,"column":83}},"type":"cond-expr","locations":[{"start":{"line":17,"column":46},"end":{"line":17,"column":79}},{"start":{"line":17,"column":82},"end":{"line":17,"column":83}}],"line":17},"2":{"loc":{"start":{"line":25,"column":24},"end":{"line":25,"column":81}},"type":"cond-expr","locations":[{"start":{"line":25,"column":46},"end":{"line":25,"column":77}},{"start":{"line":25,"column":80},"end":{"line":25,"column":81}}],"line":25},"3":{"loc":{"start":{"line":66,"column":13},"end":{"line":83,"column":13}},"type":"binary-expr","locations":[{"start":{"line":66,"column":13},"end":{"line":66,"column":48}},{"start":{"line":67,"column":16},"end":{"line":82,"column":22}}],"line":66},"4":{"loc":{"start":{"line":69,"column":53},"end":{"line":69,"column":82}},"type":"cond-expr","locations":[{"start":{"line":69,"column":68},"end":{"line":69,"column":77}},{"start":{"line":69,"column":80},"end":{"line":69,"column":82}}],"line":69},"5":{"loc":{"start":{"line":73,"column":25},"end":{"line":73,"column":67}},"type":"cond-expr","locations":[{"start":{"line":73,"column":40},"end":{"line":73,"column":55}},{"start":{"line":73,"column":58},"end":{"line":73,"column":67}}],"line":73},"6":{"loc":{"start":{"line":76,"column":50},"end":{"line":76,"column":79}},"type":"cond-expr","locations":[{"start":{"line":76,"column":65},"end":{"line":76,"column":74}},{"start":{"line":76,"column":77},"
[...]
:19,"column":8},"end":{"line":19,"column":71}},"8":{"start":{"line":20,"column":8},"end":{"line":20,"column":67}},"9":{"start":{"line":23,"column":8},"end":{"line":28,"column":9}},"10":{"start":{"line":24,"column":12},"end":{"line":24,"column":33}},"11":{"start":{"line":26,"column":12},"end":{"line":26,"column":72}},"12":{"start":{"line":27,"column":12},"end":{"line":27,"column":22}},"13":{"start":{"line":30,"column":8},"end":{"line":30,"column":62}},"14":{"start":{"line":31,"column":8},"end":{"line":36,"column":11}},"15":{"start":{"line":39,"column":8},"end":{"line":39,"column":18}},"16":{"start":{"line":43,"column":30},"end":{"line":75,"column":1}},"17":{"start":{"line":44,"column":4},"end":{"line":74,"column":5}},"18":{"start":{"line":45,"column":22},"end":{"line":45,"column":51}},"19":{"start":{"line":46,"column":8},"end":{"line":48,"column":9}},"20":{"start":{"line":47,"column":12},"end":{"line":47,"column":61}},"21":{"start":{"line":50,"column":8},"end":{"line":50,"column":48}},"22":{"start":{"line":52,"column":25},"end":{"line":57,"column":10}},"23":{"start":{"line":59,"column":8},"end":{"line":59,"column":61}},"24":{"start":{"line":62,"column":22},"end":{"line":62,"column":35}},"25":{"start":{"line":63,"column":8},"end":{"line":63,"column":53}},"26":{"start":{"line":65,"column":8},"end":{"line":65,"column":61}},"27":{"start":{"line":66,"column":8},"end":{"line":70,"column":11}},"28":{"start":{"line":73,"column":8},"end":{"line":73,"column":17}},"29":{"start":{"line":77,"column":26},"end":{"line":99,"column":1}},"30":{"start":{"line":78,"column":4},"end":{"line":98,"column":5}},"31":{"start":{"line":79,"column":22},"end":{"line":79,"column":51}},"32":{"start":{"line":80,"column":8},"end":{"line":82,"column":9}},"33":{"start":{"line":81,"column":12},"end":{"line":81,"column":61}},"34":{"start":{"line":84,"column":8},"end":{"line":84,"column":69}},"35":{"start":{"line":86,"column":8},"end":{"line":91,"column":11}},"36":{"start":{"line":93,"column":8},"end":{"line":93,"column":64}},"37":{"start":{"line":94,"column":8},"end":{"line":94,"column":20}},"38":{"start":{"line":96,"column":8},"end":{"line":96,"column":68}},"39":{"start":{"line":97,"column":8},"end":{"line":97,"column":20}},"40":{"start":{"line":101,"column":29},"end":{"line":123,"column":1}},"41":{"start":{"line":102,"column":4},"end":{"line":122,"column":5}},"42":{"start":{"line":103,"column":22},"end":{"line":103,"column":51}},"43":{"start":{"line":104,"column":8},"end":{"line":106,"column":9}},"44":{"start":{"line":105,"column":12},"end":{"line":105,"column":61}},"45":{"start":{"line":108,"column":8},"end":{"line":108,"column":60}},"46":{"start":{"line":110,"column":8},"end":{"line":115,"column":11}},"47":{"start":{"line":117,"column":8},"end":{"line":117,"column":69}},"48":{"start":{"line":118,"column":8},"end":{"line":118,"column":20}},"49":{"start":{"line":120,"column":8},"end":{"line":120,"column":73}},"50":{"start":{"line":121,"column":8},"end":{"line":121,"column":20}}},"fnMap":{"0":{"name":"(anonymous_0)","decl":{"start":{"line":3,"column":32},"end":{"line":3,"column":33}},"loc":{"start":{"line":3,"column":44},"end":{"line":41,"column":1}},"line":3},"1":{"name":"(anonymous_1)","decl":{"start":{"line":43,"column":30},"end":{"line":43,"column":31}},"loc":{"start":{"line":43,"column":42},"end":{"line":75,"column":1}},"line":43},"2":{"name":"(anonymous_2)","decl":{"start":{"line":77,"column":26},"end":{"line":77,"column":27}},"loc":{"start":{"line":77,"column":52},"end":{"line":99,"column":1}},"line":77},"3":{"name":"(anonymous_3)","decl":{"start":{"line":101,"column":29},"end":{"line":101,"column":30}},"loc":{"start":{"line":101,"column":41},"end":{"line":123,"column":1}},"line":101}},"branchMap":{"0":{"loc":{"start":{"line":6,"column":8},"end":{"line":8,"column":9}},"type":"if","locations":[{"start":{"line":6,"column":8},"end":{"line":8,"column":9}},{"start":{},"end":{}}],"line":6},"1":{"loc":{"start":{"line":23,"column":8},"end":{"line":28,"column":9}},"type":"if","locations":[{"start":{"line":23,"column":8},"end":{"line":28,"column":9}},{"start":{"line":25,"column":15},"end":{"line":28,"column":9}}],"line":23},"2":{"loc":{"start":{"line":46,"column":8},"end":{"line":48,"column":9}},"type":"if","locations":[{"start":{"line":46,"column":8},"end":{"line":48,"column":9}},{"start":{},"end":{}}],"line":46},"3":{"loc":{"start":{"line":63,"column":15},"end":{"line":63,"column":52}},"type":"cond-expr","locations":[{"start":{"line":63,"column":43},"end":{"line":63,"column":48}},{"start":{"line":63,"column":51},"end":{"line":63,"column":52}}],"line":63},"4":{"loc":{"start":{"line":80,"column":8},"end":{"line":82,"column":9}},"type":"if","locations":[{"start":{"line":80,"column":8},"end":{"line":82,"column":9}},{"start":{},"end":{}}],"line":80},"5":{"loc":{"start":{"line":104,"column":8},"end":{"line":106,"column":9}},"type":"if","locations":[{"start":{"line":104,"column":8},"end":{"line":106,"column":9}},{"start":{},"end":{}}],"line":104}},"s":{"0":1,"1":0,"2":0,"3":0,"4":0,"5":0,"6":0,"7":0,"8":0,"9":0,"10":0,"11":0,"12":0,"13":0,"14":0,"15":0,"16":1,"17":0,"18":0,"19":0,"20":0,"21":0,"22":0,"23":0,"24":0,"25":0,"26":0,"27":0,"28":0,"29":1,"30":0,"31":0,"32":0,"33":0,"34":0,"35":0,"36":0,"37":0,"38":0,"39":0,"40":1,"41":0,"42":0,"43":0,"44":0,"45":0,"46":0,"47":0,"48":0,"49":0,"50":0},"f":{"0":0,"1":0,"2":0,"3":0},"b":{"0":[0,0],"1":[0,0],"2":[0,0],"3":[0,0],"4":[0,0],"5":[0,0]},"_coverageSchema":"1a1c01bbd47fc00a2c39e90264f33305004495a9","hash":"5ce76dca9d831b661e48ba45d77258bf2d4d6d83"}
,"/Users/konstantinospapadogiannes/Desktop/FreelanceV2.00/Freelance/frontend/src/services/ReportServices.jsx": {"path":"/Users/konstantinospapadogiannes/Desktop/FreelanceV2.00/Freelance/frontend/src/services/ReportServices.jsx","statementMap":{"0":{"start":{"line":3,"column":28},"end":{"line":16,"column":1}},"1":{"start":{"line":4,"column":4},"end":{"line":15,"column":5}},"2":{"start":{"line":5,"column":25},"end":{"line":10,"column":10}},"3":{"start":{"line":11,"column":8},"end":{"line":11,"column":29}},"4":{"start":{"line":13,"column":8},"end":{"line":13,"column":56}},"5":{"start":{"line":14,"column":8},"end":{"line":14,"column":20}},"6":{"start":{"line":18,"column":34},"end":{"line":34,"column":1}},"7":{"start":{"line":19,"column":4},"end":{"line":33,"column":5}},"8":{"start":{"line":20,"column":25},"end":{"line":28,"column":10}},"9":{"start":{"line":29,"column":8},"end":{"line":29,"column":29}},"10":{"start":{"line":31,"column":8},"end":{"line":31,"column":62}},"11":{"start":{"line":32,"column":8},"end":{"line":32,"column":20}}},"fnMap":{"0":{"name":"(anonymous_0)","decl":{"start":{"line":3,"column":28},"end":{"line":3,"column":29}},"loc":{"start":{"line":3,"column":40},"end":{"line":16,"column":1}},"line":3},"1":{"name":"(anonymous_1)","decl":{"start":{"line":18,"column":34},"end":{"line":18,"column":35}},"loc":{"start":{"line":18,"column":77},"end":{"line":34,"column":1}},"line":18}},"branchMap":{},"s":{"0":0,"1":0,"2":0,"3":0,"4":0,"5":0,"6":0,"7":0,"8":0,"9":0,"10":0,"11":0},"f":{"0":0,"1":0},"b":{}}
,"/Users/konstantinospapadogiannes/Desktop/FreelanceV2.00/Freelance/frontend/src/services/auth.jsx": {"path":"/Users/konstantinospapadogiannes/Desktop/FreelanceV2.00/Freelance/frontend/src/services/auth.jsx","statementMap":{"0":{"start":{"line":6,"column":18},"end":{"line":10,"column":2}},"1":{"start":{"line":13,"column":21},"end":{"line":20,"column":1}},"2":{"start":{"line":14,"column":4},"end":{"line":19,"column":5}},"3":{"start":{"line":15,"column":25},"end":{"line":15,"column":72}},"4":{"start":{"line":16,"column":8},"end":{"line":16,"column":24}},"5":{"start":{"line":18,"column":8},"end":{"line":18,"column":59}},"6":{"start":{"line":23,"column":24},"end":{"line":30,"column":1}},"7":{"start":{"line":24,"column":4},"end":{"line":29,"column":5}},"8":{"start":{"line":25,"column":25},"end":{"line":25,"column":72}},"9":{"start":{"line":26,"column":8},"end":{"line":26,"column":29}},"10":{"start":{"line":28,"column":8},"end":{"line":28,"column":59}},"11":{"start":{"line":33,"column":28},"end":{"line":39,"column":1}},"12":{"start":{"line":34,"column":4},"end":{"line":38,"column":5}},"13":{"start":{"line":35,"column":8},"end":{"line":35,"column":79}},"14":{"start":{"line":37,"column":8},"end":{"line":37,"column":66}}},"fnMap":{"0":{"name":"(anonymous_0)","decl":{"start":{"line":13,"column":21},"end":{"line":13,"column":22}},"loc":{"start":{"line":13,"column":44},"end":{"line":20,"column":1}},"line":13},"1":{"name":"(anonymous_1)","decl":{"start":{"line":23,"column":24},"end":{"line":23,"column":25}},"loc":{"start":{"line":23,"column":44},"end":{"line":30,"column":1}},"line":23},"2":{"name":"(anonymous_2)","decl":{"start":{"line":33,"column":28},"end":{"line":33,"column":29}},"loc":{"start":{"line":33,"column":39},"end":{"line":39,"column":1}},"line":33}},"branchMap":{"0":{"loc":{"start":{"line":18,"column":14},"end":{"line":18,"column":58}},"type":"cond-expr","locations":[{"start":{"line":18,"column":31},"end":{"line":18,"column":50}},{"start":{"line":18,"column":53},"end":{"line":18,"column":58}}],"line":18},"1":{"loc":{"start":{"line":28,"column":14},"end":{"line":28,"column":58}},"type":"cond-expr","locations":[{"start":{"line":28,"column":31},"end":{"line":28,"column":50}},{"start":{"line":28,"column":53},"end":{"line":28,"column":58}}],"line":28},"2":{"loc":{"start":{"line":34,"column":4},"end":{"line":38,"column":5}},"type":"if","locations":[{"start":{"line":34,"column":4},"end":{"line":38,"column":5}},{"start":{"line":36,"column":11},"end":{"line":38,"column":5}}],"line":34}},"s":{"0":2,"1":2,"2":2,"3":2,"4":0,"5":2,"6":2,"7":2,"8":2,"9":0,"10":2,"11":2,"12":2,"13":1,"14":1},"f":{"0":2,"1":2,"2":2},"b":{"0":[0,2],"1":[0,2],"2":[1,1]},"_coverageSchema":"1a1c01bbd47fc00a2c39e90264f33305004495a9","hash":"da068733bf64ac378434eacd15e3fac36949c03d"}
,"/Users/konstantinospapadogiannes/Desktop/FreelanceV2.00/Freelance/frontend/src/store/applicationsReducer.jsx": {"path":"/Users/konstantinospapadogiannes/Desktop/FreelanceV2.00/Freelance/frontend/src/store/applicationsReducer.jsx","statementMap":{"0":{"start":{"line":3,"column":21},"end":{"line":8,"column":1}},"1":{"start":{"line":10,"column":28},"end":{"line":25,"column":1}},"2":{"start":{"line":11,"column":4},"end":{"line":24,"column":5}},"3":{"start":{"line":13,"column":12},"end":{"line":16,"column":14}},"4":{"start":{"line":18,"column":12},"end":{"line":21,"column":14}},"5":{"start":{"line":23,"column":12},"end":{"line":23,"column":25}}},"fnMap":{"0":{"name":"(anonymous_0)","decl":{"start":{"line":10,"column":28},"end":{"line":10,"column":29}},"loc":{"start":{"line":10,"column":62},"end":{"line":25,"column":1}},"line":10}},"branchMap":{"0":{"loc":{"start":{"line":10,"column":29},"end":{"line":10,"column":49}},"type":"default-arg","locations":[{"start":{"line":10,"column":37},"end":{"line":10,"column":49}}],"line":10},"1":{"loc":{"start":{"line":11,"column":4},"end":{"line":24,"column":5}},"type":"switch","locations":[{"start":{"line":12,"column":8},"end":{"line":16,"column":14}},{"start":{"line":17,"column":8},"end":{"line":21,"column":14}},{"start":{"line":22,"column":8},"end":{"line":23,"column":25}}],"line":11}},"s":{"0":0,"1":0,"2":0,"3":0,"4":0,"5":0},"f":{"0":0},"b":{"0":[0],"1":[0,0,0]}}
,"/Users/konstantinospapadogiannes/Desktop/FreelanceV2.00/Freelance/frontend/src/store/authReducer.js": {"path":"/Users/konstantinospapadogiannes/Desktop/FreelanceV2.00/Freelance/frontend/src/store/authReducer.js","statementMap":{"0":{"start":{"line":1,"column":21},"end":{"line":6,"column":1}},"1":{"start":{"line":8,"column":20},"end":{"line":28,"column":1}},"2":{"start":{"line":9,"column":4},"end":{"line":27,"column":5}},"3":{"start":{"line":11,"column":12},"end":{"line":17,"column":14}},"4":{"start":{"line":19,"column":12},"end":{"line":24,"column":14}},"5":{"start":{"line":26,"column":12},"end":{"line":26,"column":25}}},"fnMap":{"0":{"name":"(anonymous_0)","decl":{"start":{"line":8,"column":20},"end":{"line":8,"column":21}},"loc":{"start":{"line":8,"column":54},"end":{"line":28,"column":1}},"line":8}},"branchMap":{"0":{"loc":{"start":{"line":3,"column":14},"end":{"line":3,"column":52}},"type":"binary-expr","locations":[{"start":{"line":3,"column":14},"end":{"line":3,"column":46}},{"start":{"line":3,"column":50},"end":{"line":3,"column":52}}],"line":3},"1":{"loc":{"start":{"line":8,"column":21},"end":{"line":8,"column":41}},"type":"default-arg","locations":[{"start":{"line":8,"column":29},"end":{"line":8,"column":41}}],"line":8},"2":{"loc":{"start":{"line":9,"column":4},"end":{"line":27,"column":5}},"type":"switch","locations":[{"start":{"line":10,"column":8},"end":{"line":17,"column":14}},{"start":{"line":18,"column":8},"end":{"line":24,"column":14}},{"start":{"line":25,"column":8},"end":{"line":26,"column":25}}],"line":9}},"s":{"0":0,"1":0,"2":0,"3":0,"4":0,"5":0},"f":{"0":0},"b":{"0":[0,0],"1":[0],"2":[0,0,0]}}
,"/Users/konstantinospapadogiannes/Desktop/FreelanceV2.00/Freelance/frontend/src/store/index.js": {"path":"/Users/konstantinospapadogiannes/Desktop/FreelanceV2.00/Freelance/frontend/src/store/index.js","statementMap":{"0":{"start":{"line":9,"column":21},"end":{"line":18,"column":2}}},"fnMap":{},"branchMap":{},"s":{"0":0},"f":{},"b":{}}
,"/Users/konstantinospapadogiannes/Desktop/FreelanceV2.00/Freelance/frontend/src/store/projectsReducer.jsx": {"path":"/Users/konstantinospapadogiannes/Desktop/FreelanceV2.00/Freelance/frontend/src/store/projectsReducer.jsx","statementMap":{"0":{"start":{"line":3,"column":21},"end":{"line":10,"column":1}},"1":{"start":{"line":12,"column":24},"end":{"line":47,"column":1}},"2":{"start":{"line":13,"column":4},"end":{"line":46,"column":5}},"3":{"start":{"line":15,"column":12},"end":{"line":18,"column":14}},"4":{"start":{"line":20,"column":12},"end":{"line":23,"column":14}},"5":{"start":{"line":25,"column":12},"end":{"line":28,"column":14}},"6":{"start":{"line":30,"column":12},"end":{"line":33,"column":14}},"7":{"start":{"line":35,"column":12},"end":{"line":38,"column":14}},"8":{"start":{"line":40,"column":12},"end":{"line":43,"column":14}},"9":{"start":{"line":45,"column":12},"end":{"line":45,"column":25}}},"fnMap":{"0":{"name":"(anonymous_0)","decl":{"start":{"line":12,"column":24},"end":{"line":12,"column":25}},"loc":{"start":{"line":12,"column":58},"end":{"line":47,"column":1}},"line":12}},"branchMap":{"0":{"loc":{"start":{"line":12,"column":25},"end":{"line":12,"column":45}},"type":"default-arg","locations":[{"start":{"line":12,"column":33},"end":{"line":12,"column":45}}],"line":12},"1":{"loc":{"start":{"line":13,"column":4},"end":{"line":46,"column":5}},"type":"switch","locations":[{"start":{"line":14,"column":8},"end":{"line":18,"column":14}},{"start":{"line":19,"column":8},"end":{"line":23,"column":14}},{"start":{"line":24,"column":8},"end":{"line":28,"column":14}},{"start":{"line":29,"column":8},"end":{"line":33,"column":14}},{"start":{"line":34,"column":8},"end":{"line":38,"column":14}},{"start":{"line":39,"column":8},"end":{"line":43,"column":14}},{"start":{"line":44,"column":8},"end":{"line":45,"column":25}}],"line":13}},"s":{"0":0,"1":0,"2":0,"3":0,"4":0,"5":0,"6":0,"7":0,"8":0,"9":0},"f":{"0":0},"b":{"0":[0],"1":[0,0,0,0,0,0,0]}}
,"/Users/konstantinospapadogiannes/Desktop/FreelanceV2.00/Freelance/frontend/src/store/store.jsx": {"path":"/Users/konstantinospapadogiannes/Desktop/FreelanceV2.00/Freelance/frontend/src/store/store.jsx","statementMap":{"0":{"start":{"line":9,"column":21},"end":{"line":16,"column":2}}},"fnMap":{},"branchMap":{},"s":{"0":0},"f":{},"b":{}}
,"/Users/konstantinospapadogiannes/Desktop/FreelanceV2.00/Freelance/frontend/src/store/usersReducer.js": {"path":"/Users/konstantinospapadogiannes/Desktop/FreelanceV2.00/Freelance/frontend/src/store/usersReducer.js","statementMap":{"0":{"start":{"line":1,"column":21},"end":{"line":5,"column":1}},"1":{"start":{"line":7,"column":21},"end":{"line":30,"column":1}},"2":{"start":{"line":8,"column":4},"end":{"line":29,"column":5}},"3":{"start":{"line":10,"column":12},"end":{"line":15,"column":14}},"4":{"start":{"line":17,"column":12},"end":{"line":20,"column":14}},"5":{"start":{"line":22,"column":12},"end":{"line":26,"column":14}},"6":{"start":{"line":28,"column":12},"end":{"line":28,"column":25}}},"fnMap":{"0":{"name":"(anonymous_0)","decl":{"start":{"line":7,"column":21},"end":{"line":7,"column":22}},"loc":{"start":{"line":7,"column":55},"end":{"line":30,"column":1}},"line":7}},"branchMap":{"0":{"loc":{"start":{"line":7,"column":22},"end":{"line":7,"column":42}},"type":"default-arg","locations":[{"start":{"line":7,"column":30},"end":{"line":7,"column":42}}],"line":7},"1":{"loc":{"start":{"line":8,"column":4},"end":{"line":29,"column":5}},"type":"switch","locations":[{"start":{"line":9,"column":8},"end":{"line":15,"column":14}},{"start":{"line":16,"column":8},"end":{"line":20,"column":14}},{"start":{"line":21,"column":8},"end":{"line":26,"column":14}},{"start":{"line":27,"column":8},"end":{"line":28,"column":25}}],"line":8}},"s":{"0":0,"1":0,"2":0,"3":0,"4":0,"5":0,"6":0},"f":{"0":0},"b":{"0":[0],"1":[0,0,0,0]}}
,"/Users/konstantinospapadogiannes/Desktop/FreelanceV2.00/Freelance/frontend/src/store/usersReducer.jsx": {"path":"/Users/konstantinospapadogiannes/Desktop/FreelanceV2.00/Freelance/frontend/src/store/usersReducer.jsx","statementMap":{"0":{"start":{"line":3,"column":21},"end":{"line":7,"column":1}},"1":{"start":{"line":9,"column":21},"end":{"line":19,"column":1}},"2":{"start":{"line":10,"column":4},"end":{"line":18,"column":5}},"3":{"start":{"line":12,"column":12},"end":{"line":15,"column":14}},"4":{"start":{"line":17,"column":12},"end":{"line":17,"column":25}}},"fnMap":{"0":{"name":"(anonymous_0)","decl":{"start":{"line":9,"column":21},"end":{"line":9,"column":22}},"loc":{"start":{"line":9,"column":55},"end":{"line":19,"column":1}},"line":9}},"branchMap":{"0":{"loc":{"start":{"line":9,"column":22},"end":{"line":9,"column":42}},"type":"default-arg","locations":[{"start":{"line":9,"column":30},"end":{"line":9,"column":42}}],"line":9},"1":{"loc":{"start":{"line":10,"column":4},"end":{"line":18,"column":5}},"type":"switch","locations":[{"start":{"line":11,"column":8},"end":{"line":15,"column":14}},{"start":{"line":16,"column":8},"end":{"line":17,"column":25}}],"line":10}},"s":{"0":0,"1":0,"2":0,"3":0,"4":0},"f":{"0":0},"b":{"0":[0],"1":[0,0]}}
,"/Users/konstantinospapadogiannes/Desktop/FreelanceV2.00/Freelance/frontend/src/utils/auth.js": {"path":"/Users/konstantinospapadogiannes/Desktop/FreelanceV2.00/Freelance/frontend/src/utils/auth.js","statementMap":{"0":{"start":{"line":3,"column":33},"end":{"line":17,"column":1}},"1":{"start":{"line":4,"column":18},"end":{"line":4,"column":47}},"2":{"start":{"line":5,"column":4},"end":{"line":7,"column":5}},"3":{"start":{"line":6,"column":8},"end":{"line":6,"column":42}},"4":{"start":{"line":9,"column":20},"end":{"line":9,"column":36}},"5":{"start":{"line":10,"column":21},"end":{"line":10,"column":33}},"6":{"start":{"line":12,"column":4},"end":{"line":14,"column":5}},"7":{"start":{"line":13,"column":8},"end":{"line":13,"column":41}},"8":{"start":{"line":16,"column":4},"end":{"line":16,"column":31}}},"fnMap":{"0":{"name":"(anonymous_0)","decl":{"start":{"line":3,"column":33},"end":{"line":3,"column":34}},"loc":{"start":{"line":3,"column":39},"end":{"line":17,"column":1}},"line":3}},"branchMap":{"0":{"loc":{"start":{"line":5,"column":4},"end":{"line":7,"column":5}},"type":"if","locations":[{"start":{"line":5,"column":4},"end":{"line":7,"column":5}},{"start":{},"end":{}}],"line":5},"1":{"loc":{"start":{"line":12,"column":4},"end":{"line":14,"column":5}},"type":"if","locations":[{"start":{"line":12,"column":4},"end":{"line":14,"column":5}},{"start":{},"end":{}}],"line":12}},"s":{"0":2,"1":7,"2":7,"3":3,"4":4,"5":3,"6":3,"7":2,"8":1},"f":{"0":7},"b":{"0":[3,4],"1":[2,1]},"_coverageSchema":"1a1c01bbd47fc00a2c39e90264f33305004495a9","hash":"d0944392cf3c5396dbd09e81971c54189402b783"}
}
